2019-08-02 15:22:28.410  INFO 1460 --- [main] c.e.e.EurekaClientOneApplication         : No active profile set, falling back to default profiles: default
2019-08-02 15:22:28.887  WARN 1460 --- [main] o.s.boot.actuate.endpoint.EndpointId     : Endpoint ID 'service-registry' contains invalid characters, please migrate to a valid format.
2019-08-02 15:22:28.995  INFO 1460 --- [main] o.s.cloud.context.scope.GenericScope     : BeanFactory id=cb7852c2-6002-35ad-b5ad-79d6c71c7b0b
2019-08-02 15:22:29.051  INFO 1460 --- [main] trationDelegate$BeanPostProcessorChecker : Bean 'org.springframework.cloud.autoconfigure.ConfigurationPropertiesRebinderAutoConfiguration' of type [org.springframework.cloud.autoconfigure.ConfigurationPropertiesRebinderAutoConfiguration$$EnhancerBySpringCGLIB$$827e48ba] is not eligible for getting processed by all BeanPostProcessors (for example: not eligible for auto-proxying)
2019-08-02 15:22:29.208  INFO 1460 --- [main] o.s.b.w.embedded.tomcat.TomcatWebServer  : Tomcat initialized with port(s): 8763 (http)
2019-08-02 15:22:29.223  INFO 1460 --- [main] o.apache.catalina.core.StandardService   : Starting service [Tomcat]
2019-08-02 15:22:29.223  INFO 1460 --- [main] org.apache.catalina.core.StandardEngine  : Starting Servlet engine: [Apache Tomcat/9.0.21]
2019-08-02 15:22:29.321  INFO 1460 --- [main] o.a.c.c.C.[Tomcat].[localhost].[/]       : Initializing Spring embedded WebApplicationContext
2019-08-02 15:22:29.321  INFO 1460 --- [main] o.s.web.context.ContextLoader            : Root WebApplicationContext: initialization completed in 899 ms
2019-08-02 15:22:29.386  WARN 1460 --- [main] c.n.c.sources.URLConfigurationSource     : No URLs will be polled as dynamic configuration sources.
2019-08-02 15:22:29.386  INFO 1460 --- [main] c.n.c.sources.URLConfigurationSource     : To enable URLs as dynamic configuration sources, define System property archaius.configurationSource.additionalUrls or make config.properties available on classpath.
2019-08-02 15:22:29.395  INFO 1460 --- [main] c.netflix.config.DynamicPropertyFactory  : DynamicPropertyFactory is initialized with configuration sources: com.netflix.config.ConcurrentCompositeConfiguration@33feda48
2019-08-02 15:22:29.797  WARN 1460 --- [main] c.n.c.sources.URLConfigurationSource     : No URLs will be polled as dynamic configuration sources.
2019-08-02 15:22:29.797  INFO 1460 --- [main] c.n.c.sources.URLConfigurationSource     : To enable URLs as dynamic configuration sources, define System property archaius.configurationSource.additionalUrls or make config.properties available on classpath.
2019-08-02 15:22:29.911  INFO 1460 --- [main] o.s.s.concurrent.ThreadPoolTaskExecutor  : Initializing ExecutorService 'applicationTaskExecutor'
2019-08-02 15:22:29.983  INFO 1460 --- [main] o.s.b.a.w.s.WelcomePageHandlerMapping    : Adding welcome page: class path resource [static/index.html]
2019-08-02 15:22:30.310  INFO 1460 --- [main] o.s.b.a.e.web.EndpointLinksResolver      : Exposing 2 endpoint(s) beneath base path '/actuator'
2019-08-02 15:22:30.378  INFO 1460 --- [main] o.s.c.n.eureka.InstanceInfoFactory       : Setting initial instance status as: STARTING
2019-08-02 15:22:30.403  INFO 1460 --- [main] com.netflix.discovery.DiscoveryClient    : Initializing Eureka in region us-east-1
2019-08-02 15:22:30.582  INFO 1460 --- [main] c.n.d.provider.DiscoveryJerseyProvider   : Using JSON encoding codec LegacyJacksonJson
2019-08-02 15:22:30.582  INFO 1460 --- [main] c.n.d.provider.DiscoveryJerseyProvider   : Using JSON decoding codec LegacyJacksonJson
2019-08-02 15:22:30.665  INFO 1460 --- [main] c.n.d.provider.DiscoveryJerseyProvider   : Using XML encoding codec XStreamXml
2019-08-02 15:22:30.665  INFO 1460 --- [main] c.n.d.provider.DiscoveryJerseyProvider   : Using XML decoding codec XStreamXml
2019-08-02 15:22:30.869  INFO 1460 --- [main] c.n.d.s.r.aws.ConfigClusterResolver      : Resolving eureka endpoints via configuration
2019-08-02 15:22:30.924  INFO 1460 --- [main] com.netflix.discovery.DiscoveryClient    : Disable delta property : false
2019-08-02 15:22:30.924  INFO 1460 --- [main] com.netflix.discovery.DiscoveryClient    : Single vip registry refresh property : null
2019-08-02 15:22:30.924  INFO 1460 --- [main] com.netflix.discovery.DiscoveryClient    : Force full registry fetch : false
2019-08-02 15:22:30.924  INFO 1460 --- [main] com.netflix.discovery.DiscoveryClient    : Application is null : false
2019-08-02 15:22:30.924  INFO 1460 --- [main] com.netflix.discovery.DiscoveryClient    : Registered Applications size is zero : true
2019-08-02 15:22:30.924  INFO 1460 --- [main] com.netflix.discovery.DiscoveryClient    : Application version is -1: true
2019-08-02 15:22:30.925  INFO 1460 --- [main] com.netflix.discovery.DiscoveryClient    : Getting all instance registry info from the eureka server
2019-08-02 15:22:31.044  INFO 1460 --- [main] com.netflix.discovery.DiscoveryClient    : The response status is 200
2019-08-02 15:22:31.046  INFO 1460 --- [main] com.netflix.discovery.DiscoveryClient    : Starting heartbeat executor: renew interval is: 30
2019-08-02 15:22:31.048  INFO 1460 --- [main] c.n.discovery.InstanceInfoReplicator     : InstanceInfoReplicator onDemand update allowed rate per min is 4
2019-08-02 15:22:31.051  INFO 1460 --- [main] com.netflix.discovery.DiscoveryClient    : Discovery Client initialized at timestamp 1564730551051 with initial instances count: 1
2019-08-02 15:22:31.052  INFO 1460 --- [main] o.s.c.n.e.s.EurekaServiceRegistry        : Registering application SERVICE-HI with eureka with status UP
2019-08-02 15:22:31.053  INFO 1460 --- [main] com.netflix.discovery.DiscoveryClient    : Saw local status change event StatusChangeEvent [timestamp=1564730551053, current=UP, previous=STARTING]
2019-08-02 15:22:31.054  INFO 1460 --- [DiscoveryClient-InstanceInfoReplicator-0] com.netflix.discovery.DiscoveryClient    : DiscoveryClient_SERVICE-HI/SKY-20181025GRP:service-hi:8763: registering service...
2019-08-02 15:22:31.076  INFO 1460 --- [DiscoveryClient-InstanceInfoReplicator-0] com.netflix.discovery.DiscoveryClient    : DiscoveryClient_SERVICE-HI/SKY-20181025GRP:service-hi:8763 - registration status: 204
2019-08-02 15:22:31.082  INFO 1460 --- [main] o.s.b.w.embedded.tomcat.TomcatWebServer  : Tomcat started on port(s): 8763 (http) with context path ''
2019-08-02 15:22:31.083  INFO 1460 --- [main] .s.c.n.e.s.EurekaAutoServiceRegistration : Updating port to 8763
2019-08-02 15:22:31.084  INFO 1460 --- [main] c.e.e.EurekaClientOneApplication         : Started EurekaClientOneApplication in 3.615 seconds (JVM running for 4.116)
2019-08-02 15:22:31.164  INFO 1460 --- [RMI TCP Connection(4)-127.0.0.1] o.a.c.c.C.[Tomcat].[localhost].[/]       : Initializing Spring DispatcherServlet 'dispatcherServlet'
2019-08-02 15:22:31.164  INFO 1460 --- [RMI TCP Connection(4)-127.0.0.1] o.s.web.servlet.DispatcherServlet        : Initializing Servlet 'dispatcherServlet'
2019-08-02 15:22:31.170  INFO 1460 --- [RMI TCP Connection(4)-127.0.0.1] o.s.web.servlet.DispatcherServlet        : Completed initialization in 6 ms
