2019-08-02 16:00:33.316  INFO 14408 --- [main] c.e.s.ServiceFeignApplication            : No active profile set, falling back to default profiles: default
2019-08-02 16:00:33.834  WARN 14408 --- [main] o.s.boot.actuate.endpoint.EndpointId     : Endpoint ID 'service-registry' contains invalid characters, please migrate to a valid format.
2019-08-02 16:00:33.842  WARN 14408 --- [main] o.s.boot.actuate.endpoint.EndpointId     : Endpoint ID 'hystrix.stream' contains invalid characters, please migrate to a valid format.
2019-08-02 16:00:33.956  INFO 14408 --- [main] o.s.cloud.context.scope.GenericScope     : BeanFactory id=cb450268-ffff-3f77-a1db-11ed86d7ff5a
2019-08-02 16:00:34.143  INFO 14408 --- [main] trationDelegate$BeanPostProcessorChecker : Bean 'org.springframework.cloud.autoconfigure.ConfigurationPropertiesRebinderAutoConfiguration' of type [org.springframework.cloud.autoconfigure.ConfigurationPropertiesRebinderAutoConfiguration$$EnhancerBySpringCGLIB$$3b987455] is not eligible for getting processed by all BeanPostProcessors (for example: not eligible for auto-proxying)
2019-08-02 16:00:34.338  INFO 14408 --- [main] o.s.b.w.embedded.tomcat.TomcatWebServer  : Tomcat initialized with port(s): 8464 (http)
2019-08-02 16:00:34.353  INFO 14408 --- [main] o.apache.catalina.core.StandardService   : Starting service [Tomcat]
2019-08-02 16:00:34.354  INFO 14408 --- [main] org.apache.catalina.core.StandardEngine  : Starting Servlet engine: [Apache Tomcat/9.0.21]
2019-08-02 16:00:34.517  INFO 14408 --- [main] o.a.c.c.C.[Tomcat].[localhost].[/]       : Initializing Spring embedded WebApplicationContext
2019-08-02 16:00:34.518  INFO 14408 --- [main] o.s.web.context.ContextLoader            : Root WebApplicationContext: initialization completed in 1183 ms
2019-08-02 16:00:34.592  WARN 14408 --- [main] c.n.c.sources.URLConfigurationSource     : No URLs will be polled as dynamic configuration sources.
2019-08-02 16:00:34.593  INFO 14408 --- [main] c.n.c.sources.URLConfigurationSource     : To enable URLs as dynamic configuration sources, define System property archaius.configurationSource.additionalUrls or make config.properties available on classpath.
2019-08-02 16:00:34.598  INFO 14408 --- [main] c.netflix.config.DynamicPropertyFactory  : DynamicPropertyFactory is initialized with configuration sources: com.netflix.config.ConcurrentCompositeConfiguration@565aa4ac
2019-08-02 16:00:35.011  WARN 14408 --- [main] ConfigServletWebServerApplicationContext : Exception encountered during context initialization - cancelling refresh attempt: org.springframework.beans.factory.UnsatisfiedDependencyException: Error creating bean with name 'hello': Unsatisfied dependency expressed through field 'ipayService'; nested exception is org.springframework.beans.factory.NoSuchBeanDefinitionException: No qualifying bean of type 'com.quan.peak.service.IpayService' available: expected at least 1 bean which qualifies as autowire candidate. Dependency annotations: {@org.springframework.beans.factory.annotation.Autowired(required=true)}
2019-08-02 16:00:35.013  INFO 14408 --- [main] o.apache.catalina.core.StandardService   : Stopping service [Tomcat]
2019-08-02 16:00:35.016  WARN 14408 --- [main] o.a.c.loader.WebappClassLoaderBase       : The web application [ROOT] appears to have started a thread named [RxIoScheduler-1 (Evictor)] but has failed to stop it. This is very likely to create a memory leak. Stack trace of thread:
 sun.misc.Unsafe.park(Native Method)
 java.util.concurrent.locks.LockSupport.parkNanos(LockSupport.java:215)
 java.util.concurrent.locks.AbstractQueuedSynchronizer$ConditionObject.awaitNanos(AbstractQueuedSynchronizer.java:2078)
 java.util.concurrent.ScheduledThreadPoolExecutor$DelayedWorkQueue.take(ScheduledThreadPoolExecutor.java:1093)
 java.util.concurrent.ScheduledThreadPoolExecutor$DelayedWorkQueue.take(ScheduledThreadPoolExecutor.java:809)
 java.util.concurrent.ThreadPoolExecutor.getTask(ThreadPoolExecutor.java:1074)
 java.util.concurrent.ThreadPoolExecutor.runWorker(ThreadPoolExecutor.java:1134)
 java.util.concurrent.ThreadPoolExecutor$Worker.run(ThreadPoolExecutor.java:624)
 java.lang.Thread.run(Thread.java:748)
2019-08-02 16:00:35.025  INFO 14408 --- [main] ConditionEvaluationReportLoggingListener : 

Error starting ApplicationContext. To display the conditions report re-run your application with 'debug' enabled.
2019-08-02 16:00:35.176 ERROR 14408 --- [main] o.s.b.d.LoggingFailureAnalysisReporter   : 

***************************
APPLICATION FAILED TO START
***************************

Description:

Field ipayService in com.example.servicefeign.controller.Hello required a bean of type 'com.quan.peak.service.IpayService' that could not be found.

The injection point has the following annotations:
	- @org.springframework.beans.factory.annotation.Autowired(required=true)


Action:

Consider defining a bean of type 'com.quan.peak.service.IpayService' in your configuration.

2019-08-02 16:01:34.273  INFO 12384 --- [main] c.e.s.ServiceFeignApplication            : No active profile set, falling back to default profiles: default
2019-08-02 16:01:34.776  WARN 12384 --- [main] o.s.boot.actuate.endpoint.EndpointId     : Endpoint ID 'service-registry' contains invalid characters, please migrate to a valid format.
2019-08-02 16:01:34.784  WARN 12384 --- [main] o.s.boot.actuate.endpoint.EndpointId     : Endpoint ID 'hystrix.stream' contains invalid characters, please migrate to a valid format.
2019-08-02 16:01:34.897  INFO 12384 --- [main] o.s.cloud.context.scope.GenericScope     : BeanFactory id=b6274c68-a241-37b3-b695-3ce8962eaa2a
2019-08-02 16:01:34.913  INFO 12384 --- [main] trationDelegate$BeanPostProcessorChecker : Bean 'com.quan.peak.service.IpayService' of type [org.springframework.cloud.openfeign.FeignClientFactoryBean] is not eligible for getting processed by all BeanPostProcessors (for example: not eligible for auto-proxying)
2019-08-02 16:01:35.045  INFO 12384 --- [main] trationDelegate$BeanPostProcessorChecker : Bean 'org.springframework.cloud.autoconfigure.ConfigurationPropertiesRebinderAutoConfiguration' of type [org.springframework.cloud.autoconfigure.ConfigurationPropertiesRebinderAutoConfiguration$$EnhancerBySpringCGLIB$$33cfb477] is not eligible for getting processed by all BeanPostProcessors (for example: not eligible for auto-proxying)
2019-08-02 16:01:35.236  INFO 12384 --- [main] o.s.b.w.embedded.tomcat.TomcatWebServer  : Tomcat initialized with port(s): 8464 (http)
2019-08-02 16:01:35.251  INFO 12384 --- [main] o.apache.catalina.core.StandardService   : Starting service [Tomcat]
2019-08-02 16:01:35.251  INFO 12384 --- [main] org.apache.catalina.core.StandardEngine  : Starting Servlet engine: [Apache Tomcat/9.0.21]
2019-08-02 16:01:35.399  INFO 12384 --- [main] o.a.c.c.C.[Tomcat].[localhost].[/]       : Initializing Spring embedded WebApplicationContext
2019-08-02 16:01:35.399  INFO 12384 --- [main] o.s.web.context.ContextLoader            : Root WebApplicationContext: initialization completed in 1108 ms
2019-08-02 16:01:35.477  WARN 12384 --- [main] c.n.c.sources.URLConfigurationSource     : No URLs will be polled as dynamic configuration sources.
2019-08-02 16:01:35.478  INFO 12384 --- [main] c.n.c.sources.URLConfigurationSource     : To enable URLs as dynamic configuration sources, define System property archaius.configurationSource.additionalUrls or make config.properties available on classpath.
2019-08-02 16:01:35.484  INFO 12384 --- [main] c.netflix.config.DynamicPropertyFactory  : DynamicPropertyFactory is initialized with configuration sources: com.netflix.config.ConcurrentCompositeConfiguration@5d9618f2
2019-08-02 16:01:36.039  WARN 12384 --- [main] c.n.c.sources.URLConfigurationSource     : No URLs will be polled as dynamic configuration sources.
2019-08-02 16:01:36.039  INFO 12384 --- [main] c.n.c.sources.URLConfigurationSource     : To enable URLs as dynamic configuration sources, define System property archaius.configurationSource.additionalUrls or make config.properties available on classpath.
2019-08-02 16:01:36.175  INFO 12384 --- [main] o.s.s.concurrent.ThreadPoolTaskExecutor  : Initializing ExecutorService 'applicationTaskExecutor'
2019-08-02 16:01:36.616  INFO 12384 --- [main] o.s.b.a.e.web.EndpointLinksResolver      : Exposing 2 endpoint(s) beneath base path '/actuator'
2019-08-02 16:01:36.695  INFO 12384 --- [main] o.s.c.n.eureka.InstanceInfoFactory       : Setting initial instance status as: STARTING
2019-08-02 16:01:36.724  INFO 12384 --- [main] com.netflix.discovery.DiscoveryClient    : Initializing Eureka in region us-east-1
2019-08-02 16:01:36.897  INFO 12384 --- [main] c.n.d.provider.DiscoveryJerseyProvider   : Using JSON encoding codec LegacyJacksonJson
2019-08-02 16:01:36.897  INFO 12384 --- [main] c.n.d.provider.DiscoveryJerseyProvider   : Using JSON decoding codec LegacyJacksonJson
2019-08-02 16:01:36.973  INFO 12384 --- [main] c.n.d.provider.DiscoveryJerseyProvider   : Using XML encoding codec XStreamXml
2019-08-02 16:01:36.974  INFO 12384 --- [main] c.n.d.provider.DiscoveryJerseyProvider   : Using XML decoding codec XStreamXml
2019-08-02 16:01:37.140  INFO 12384 --- [main] c.n.d.s.r.aws.ConfigClusterResolver      : Resolving eureka endpoints via configuration
2019-08-02 16:01:37.194  INFO 12384 --- [main] com.netflix.discovery.DiscoveryClient    : Disable delta property : false
2019-08-02 16:01:37.194  INFO 12384 --- [main] com.netflix.discovery.DiscoveryClient    : Single vip registry refresh property : null
2019-08-02 16:01:37.194  INFO 12384 --- [main] com.netflix.discovery.DiscoveryClient    : Force full registry fetch : false
2019-08-02 16:01:37.194  INFO 12384 --- [main] com.netflix.discovery.DiscoveryClient    : Application is null : false
2019-08-02 16:01:37.194  INFO 12384 --- [main] com.netflix.discovery.DiscoveryClient    : Registered Applications size is zero : true
2019-08-02 16:01:37.194  INFO 12384 --- [main] com.netflix.discovery.DiscoveryClient    : Application version is -1: true
2019-08-02 16:01:37.194  INFO 12384 --- [main] com.netflix.discovery.DiscoveryClient    : Getting all instance registry info from the eureka server
2019-08-02 16:01:37.307  INFO 12384 --- [main] com.netflix.discovery.DiscoveryClient    : The response status is 200
2019-08-02 16:01:37.309  INFO 12384 --- [main] com.netflix.discovery.DiscoveryClient    : Starting heartbeat executor: renew interval is: 30
2019-08-02 16:01:37.311  INFO 12384 --- [main] c.n.discovery.InstanceInfoReplicator     : InstanceInfoReplicator onDemand update allowed rate per min is 4
2019-08-02 16:01:37.314  INFO 12384 --- [main] com.netflix.discovery.DiscoveryClient    : Discovery Client initialized at timestamp 1564732897313 with initial instances count: 1
2019-08-02 16:01:37.315  INFO 12384 --- [main] o.s.c.n.e.s.EurekaServiceRegistry        : Registering application SERVICE-RIBBON with eureka with status UP
2019-08-02 16:01:37.316  INFO 12384 --- [main] com.netflix.discovery.DiscoveryClient    : Saw local status change event StatusChangeEvent [timestamp=1564732897316, current=UP, previous=STARTING]
2019-08-02 16:01:37.317  INFO 12384 --- [DiscoveryClient-InstanceInfoReplicator-0] com.netflix.discovery.DiscoveryClient    : DiscoveryClient_SERVICE-RIBBON/SKY-20181025GRP:service-ribbon:8464: registering service...
2019-08-02 16:01:37.340  INFO 12384 --- [DiscoveryClient-InstanceInfoReplicator-0] com.netflix.discovery.DiscoveryClient    : DiscoveryClient_SERVICE-RIBBON/SKY-20181025GRP:service-ribbon:8464 - registration status: 204
2019-08-02 16:01:37.345  INFO 12384 --- [main] o.s.b.w.embedded.tomcat.TomcatWebServer  : Tomcat started on port(s): 8464 (http) with context path ''
2019-08-02 16:01:37.346  INFO 12384 --- [main] .s.c.n.e.s.EurekaAutoServiceRegistration : Updating port to 8464
2019-08-02 16:01:37.348  INFO 12384 --- [main] c.e.s.ServiceFeignApplication            : Started ServiceFeignApplication in 4.159 seconds (JVM running for 4.72)
2019-08-02 16:01:37.752  INFO 12384 --- [RMI TCP Connection(4)-127.0.0.1] o.a.c.c.C.[Tomcat].[localhost].[/]       : Initializing Spring DispatcherServlet 'dispatcherServlet'
2019-08-02 16:01:37.753  INFO 12384 --- [RMI TCP Connection(4)-127.0.0.1] o.s.web.servlet.DispatcherServlet        : Initializing Servlet 'dispatcherServlet'
2019-08-02 16:01:37.761  INFO 12384 --- [RMI TCP Connection(4)-127.0.0.1] o.s.web.servlet.DispatcherServlet        : Completed initialization in 8 ms
2019-08-02 16:02:28.126  INFO 12384 --- [http-nio-8464-exec-1] c.netflix.config.ChainedDynamicProperty  : Flipping property: pay-provider.ribbon.ActiveConnectionsLimit to use NEXT property: niws.loadbalancer.availabilityFilteringRule.activeConnectionsLimit = 2147483647
2019-08-02 16:02:28.145  INFO 12384 --- [http-nio-8464-exec-1] c.n.u.concurrent.ShutdownEnabledTimer    : Shutdown hook installed for: NFLoadBalancer-PingTimer-pay-provider
2019-08-02 16:02:28.146  INFO 12384 --- [http-nio-8464-exec-1] c.netflix.loadbalancer.BaseLoadBalancer  : Client: pay-provider instantiated a LoadBalancer: DynamicServerListLoadBalancer:{NFLoadBalancer:name=pay-provider,current list of Servers=[],Load balancer stats=Zone stats: {},Server stats: []}ServerList:null
2019-08-02 16:02:28.150  INFO 12384 --- [http-nio-8464-exec-1] c.n.l.DynamicServerListLoadBalancer      : Using serverListUpdater PollingServerListUpdater
2019-08-02 16:02:28.163  INFO 12384 --- [http-nio-8464-exec-1] c.netflix.config.ChainedDynamicProperty  : Flipping property: pay-provider.ribbon.ActiveConnectionsLimit to use NEXT property: niws.loadbalancer.availabilityFilteringRule.activeConnectionsLimit = 2147483647
2019-08-02 16:02:28.164  INFO 12384 --- [http-nio-8464-exec-1] c.n.l.DynamicServerListLoadBalancer      : DynamicServerListLoadBalancer for client pay-provider initialized: DynamicServerListLoadBalancer:{NFLoadBalancer:name=pay-provider,current list of Servers=[SKY-20181025GRP:8090],Load balancer stats=Zone stats: {defaultzone=[Zone:defaultzone;	Instance count:1;	Active connections count: 0;	Circuit breaker tripped count: 0;	Active connections per server: 0.0;]
},Server stats: [[Server:SKY-20181025GRP:8090;	Zone:defaultZone;	Total Requests:0;	Successive connection failure:0;	Total blackout seconds:0;	Last connection made:Thu Jan 01 08:00:00 CST 1970;	First connection made: Thu Jan 01 08:00:00 CST 1970;	Active Connections:0;	total failure count in last (1000) msecs:0;	average resp time:0.0;	90 percentile resp time:0.0;	95 percentile resp time:0.0;	min resp time:0.0;	max resp time:0.0;	stddev resp time:0.0]
]}ServerList:org.springframework.cloud.netflix.ribbon.eureka.DomainExtractingServerList@763fe16a
2019-08-02 16:02:29.154  INFO 12384 --- [PollingServerListUpdater-0] c.netflix.config.ChainedDynamicProperty  : Flipping property: pay-provider.ribbon.ActiveConnectionsLimit to use NEXT property: niws.loadbalancer.availabilityFilteringRule.activeConnectionsLimit = 2147483647
2019-08-02 16:04:49.625  INFO 15140 --- [main] c.e.s.ServiceFeignApplication            : No active profile set, falling back to default profiles: default
2019-08-02 16:04:50.150  WARN 15140 --- [main] o.s.boot.actuate.endpoint.EndpointId     : Endpoint ID 'service-registry' contains invalid characters, please migrate to a valid format.
2019-08-02 16:04:50.158  WARN 15140 --- [main] o.s.boot.actuate.endpoint.EndpointId     : Endpoint ID 'hystrix.stream' contains invalid characters, please migrate to a valid format.
2019-08-02 16:04:50.281  INFO 15140 --- [main] o.s.cloud.context.scope.GenericScope     : BeanFactory id=b6274c68-a241-37b3-b695-3ce8962eaa2a
2019-08-02 16:04:50.298  INFO 15140 --- [main] trationDelegate$BeanPostProcessorChecker : Bean 'com.quan.peak.service.IpayService' of type [org.springframework.cloud.openfeign.FeignClientFactoryBean] is not eligible for getting processed by all BeanPostProcessors (for example: not eligible for auto-proxying)
2019-08-02 16:04:50.446  INFO 15140 --- [main] trationDelegate$BeanPostProcessorChecker : Bean 'org.springframework.cloud.autoconfigure.ConfigurationPropertiesRebinderAutoConfiguration' of type [org.springframework.cloud.autoconfigure.ConfigurationPropertiesRebinderAutoConfiguration$$EnhancerBySpringCGLIB$$f4f38a82] is not eligible for getting processed by all BeanPostProcessors (for example: not eligible for auto-proxying)
2019-08-02 16:04:50.635  INFO 15140 --- [main] o.s.b.w.embedded.tomcat.TomcatWebServer  : Tomcat initialized with port(s): 8464 (http)
2019-08-02 16:04:50.665  INFO 15140 --- [main] o.apache.catalina.core.StandardService   : Starting service [Tomcat]
2019-08-02 16:04:50.665  INFO 15140 --- [main] org.apache.catalina.core.StandardEngine  : Starting Servlet engine: [Apache Tomcat/9.0.21]
2019-08-02 16:04:50.818  INFO 15140 --- [main] o.a.c.c.C.[Tomcat].[localhost].[/]       : Initializing Spring embedded WebApplicationContext
2019-08-02 16:04:50.818  INFO 15140 --- [main] o.s.web.context.ContextLoader            : Root WebApplicationContext: initialization completed in 1176 ms
2019-08-02 16:04:50.897  WARN 15140 --- [main] c.n.c.sources.URLConfigurationSource     : No URLs will be polled as dynamic configuration sources.
2019-08-02 16:04:50.898  INFO 15140 --- [main] c.n.c.sources.URLConfigurationSource     : To enable URLs as dynamic configuration sources, define System property archaius.configurationSource.additionalUrls or make config.properties available on classpath.
2019-08-02 16:04:50.904  INFO 15140 --- [main] c.netflix.config.DynamicPropertyFactory  : DynamicPropertyFactory is initialized with configuration sources: com.netflix.config.ConcurrentCompositeConfiguration@411fa0ce
2019-08-02 16:04:51.461  WARN 15140 --- [main] c.n.c.sources.URLConfigurationSource     : No URLs will be polled as dynamic configuration sources.
2019-08-02 16:04:51.461  INFO 15140 --- [main] c.n.c.sources.URLConfigurationSource     : To enable URLs as dynamic configuration sources, define System property archaius.configurationSource.additionalUrls or make config.properties available on classpath.
2019-08-02 16:04:51.582  INFO 15140 --- [main] o.s.s.concurrent.ThreadPoolTaskExecutor  : Initializing ExecutorService 'applicationTaskExecutor'
2019-08-02 16:04:51.675  INFO 15140 --- [main] o.s.b.a.w.s.WelcomePageHandlerMapping    : Adding welcome page: class path resource [static/index.html]
2019-08-02 16:04:52.026  INFO 15140 --- [main] o.s.b.a.e.web.EndpointLinksResolver      : Exposing 2 endpoint(s) beneath base path '/actuator'
2019-08-02 16:04:52.096  INFO 15140 --- [main] o.s.c.n.eureka.InstanceInfoFactory       : Setting initial instance status as: STARTING
2019-08-02 16:04:52.120  INFO 15140 --- [main] com.netflix.discovery.DiscoveryClient    : Initializing Eureka in region us-east-1
2019-08-02 16:04:52.290  INFO 15140 --- [main] c.n.d.provider.DiscoveryJerseyProvider   : Using JSON encoding codec LegacyJacksonJson
2019-08-02 16:04:52.291  INFO 15140 --- [main] c.n.d.provider.DiscoveryJerseyProvider   : Using JSON decoding codec LegacyJacksonJson
2019-08-02 16:04:52.366  INFO 15140 --- [main] c.n.d.provider.DiscoveryJerseyProvider   : Using XML encoding codec XStreamXml
2019-08-02 16:04:52.366  INFO 15140 --- [main] c.n.d.provider.DiscoveryJerseyProvider   : Using XML decoding codec XStreamXml
2019-08-02 16:04:52.520  INFO 15140 --- [main] c.n.d.s.r.aws.ConfigClusterResolver      : Resolving eureka endpoints via configuration
2019-08-02 16:04:52.571  INFO 15140 --- [main] com.netflix.discovery.DiscoveryClient    : Disable delta property : false
2019-08-02 16:04:52.571  INFO 15140 --- [main] com.netflix.discovery.DiscoveryClient    : Single vip registry refresh property : null
2019-08-02 16:04:52.571  INFO 15140 --- [main] com.netflix.discovery.DiscoveryClient    : Force full registry fetch : false
2019-08-02 16:04:52.571  INFO 15140 --- [main] com.netflix.discovery.DiscoveryClient    : Application is null : false
2019-08-02 16:04:52.571  INFO 15140 --- [main] com.netflix.discovery.DiscoveryClient    : Registered Applications size is zero : true
2019-08-02 16:04:52.571  INFO 15140 --- [main] com.netflix.discovery.DiscoveryClient    : Application version is -1: true
2019-08-02 16:04:52.571  INFO 15140 --- [main] com.netflix.discovery.DiscoveryClient    : Getting all instance registry info from the eureka server
2019-08-02 16:04:52.683  INFO 15140 --- [main] com.netflix.discovery.DiscoveryClient    : The response status is 200
2019-08-02 16:04:52.685  INFO 15140 --- [main] com.netflix.discovery.DiscoveryClient    : Starting heartbeat executor: renew interval is: 30
2019-08-02 16:04:52.687  INFO 15140 --- [main] c.n.discovery.InstanceInfoReplicator     : InstanceInfoReplicator onDemand update allowed rate per min is 4
2019-08-02 16:04:52.691  INFO 15140 --- [main] com.netflix.discovery.DiscoveryClient    : Discovery Client initialized at timestamp 1564733092690 with initial instances count: 2
2019-08-02 16:04:52.692  INFO 15140 --- [main] o.s.c.n.e.s.EurekaServiceRegistry        : Registering application SERVICE-RIBBON with eureka with status UP
2019-08-02 16:04:52.693  INFO 15140 --- [main] com.netflix.discovery.DiscoveryClient    : Saw local status change event StatusChangeEvent [timestamp=1564733092693, current=UP, previous=STARTING]
2019-08-02 16:04:52.694  INFO 15140 --- [DiscoveryClient-InstanceInfoReplicator-0] com.netflix.discovery.DiscoveryClient    : DiscoveryClient_SERVICE-RIBBON/SKY-20181025GRP:service-ribbon:8464: registering service...
2019-08-02 16:04:52.718  INFO 15140 --- [DiscoveryClient-InstanceInfoReplicator-0] com.netflix.discovery.DiscoveryClient    : DiscoveryClient_SERVICE-RIBBON/SKY-20181025GRP:service-ribbon:8464 - registration status: 204
2019-08-02 16:04:52.722  INFO 15140 --- [main] o.s.b.w.embedded.tomcat.TomcatWebServer  : Tomcat started on port(s): 8464 (http) with context path ''
2019-08-02 16:04:52.723  INFO 15140 --- [main] .s.c.n.e.s.EurekaAutoServiceRegistration : Updating port to 8464
2019-08-02 16:04:52.724  INFO 15140 --- [main] c.e.s.ServiceFeignApplication            : Started ServiceFeignApplication in 4.108 seconds (JVM running for 5.43)
2019-08-02 16:04:53.067  INFO 15140 --- [RMI TCP Connection(6)-127.0.0.1] o.a.c.c.C.[Tomcat].[localhost].[/]       : Initializing Spring DispatcherServlet 'dispatcherServlet'
2019-08-02 16:04:53.067  INFO 15140 --- [RMI TCP Connection(6)-127.0.0.1] o.s.web.servlet.DispatcherServlet        : Initializing Servlet 'dispatcherServlet'
2019-08-02 16:04:53.074  INFO 15140 --- [RMI TCP Connection(6)-127.0.0.1] o.s.web.servlet.DispatcherServlet        : Completed initialization in 7 ms
2019-08-02 16:05:58.697  WARN 15140 --- [http-nio-8464-exec-4] .w.s.m.s.DefaultHandlerExceptionResolver : Resolved [org.springframework.web.HttpMediaTypeNotSupportedException: Content type 'application/x-www-form-urlencoded;charset=UTF-8' not supported]
2019-08-02 16:06:16.038  WARN 15140 --- [http-nio-8464-exec-8] .w.s.m.s.DefaultHandlerExceptionResolver : Resolved [org.springframework.web.HttpMediaTypeNotSupportedException: Content type 'application/x-www-form-urlencoded;charset=UTF-8' not supported]
2019-08-02 16:06:45.263  INFO 2036 --- [main] c.e.s.ServiceFeignApplication            : No active profile set, falling back to default profiles: default
2019-08-02 16:06:45.797  WARN 2036 --- [main] o.s.boot.actuate.endpoint.EndpointId     : Endpoint ID 'service-registry' contains invalid characters, please migrate to a valid format.
2019-08-02 16:06:45.806  WARN 2036 --- [main] o.s.boot.actuate.endpoint.EndpointId     : Endpoint ID 'hystrix.stream' contains invalid characters, please migrate to a valid format.
2019-08-02 16:06:45.928  INFO 2036 --- [main] o.s.cloud.context.scope.GenericScope     : BeanFactory id=b6274c68-a241-37b3-b695-3ce8962eaa2a
2019-08-02 16:06:45.943  INFO 2036 --- [main] trationDelegate$BeanPostProcessorChecker : Bean 'com.quan.peak.service.IpayService' of type [org.springframework.cloud.openfeign.FeignClientFactoryBean] is not eligible for getting processed by all BeanPostProcessors (for example: not eligible for auto-proxying)
2019-08-02 16:06:46.074  INFO 2036 --- [main] trationDelegate$BeanPostProcessorChecker : Bean 'org.springframework.cloud.autoconfigure.ConfigurationPropertiesRebinderAutoConfiguration' of type [org.springframework.cloud.autoconfigure.ConfigurationPropertiesRebinderAutoConfiguration$$EnhancerBySpringCGLIB$$1b76a561] is not eligible for getting processed by all BeanPostProcessors (for example: not eligible for auto-proxying)
2019-08-02 16:06:46.266  INFO 2036 --- [main] o.s.b.w.embedded.tomcat.TomcatWebServer  : Tomcat initialized with port(s): 8464 (http)
2019-08-02 16:06:46.281  INFO 2036 --- [main] o.apache.catalina.core.StandardService   : Starting service [Tomcat]
2019-08-02 16:06:46.282  INFO 2036 --- [main] org.apache.catalina.core.StandardEngine  : Starting Servlet engine: [Apache Tomcat/9.0.21]
2019-08-02 16:06:46.425  INFO 2036 --- [main] o.a.c.c.C.[Tomcat].[localhost].[/]       : Initializing Spring embedded WebApplicationContext
2019-08-02 16:06:46.426  INFO 2036 --- [main] o.s.web.context.ContextLoader            : Root WebApplicationContext: initialization completed in 1146 ms
2019-08-02 16:06:46.501  WARN 2036 --- [main] c.n.c.sources.URLConfigurationSource     : No URLs will be polled as dynamic configuration sources.
2019-08-02 16:06:46.502  INFO 2036 --- [main] c.n.c.sources.URLConfigurationSource     : To enable URLs as dynamic configuration sources, define System property archaius.configurationSource.additionalUrls or make config.properties available on classpath.
2019-08-02 16:06:46.508  INFO 2036 --- [main] c.netflix.config.DynamicPropertyFactory  : DynamicPropertyFactory is initialized with configuration sources: com.netflix.config.ConcurrentCompositeConfiguration@4cffd3fd
2019-08-02 16:06:47.066  WARN 2036 --- [main] c.n.c.sources.URLConfigurationSource     : No URLs will be polled as dynamic configuration sources.
2019-08-02 16:06:47.066  INFO 2036 --- [main] c.n.c.sources.URLConfigurationSource     : To enable URLs as dynamic configuration sources, define System property archaius.configurationSource.additionalUrls or make config.properties available on classpath.
2019-08-02 16:06:47.182  INFO 2036 --- [main] o.s.s.concurrent.ThreadPoolTaskExecutor  : Initializing ExecutorService 'applicationTaskExecutor'
2019-08-02 16:06:47.279  INFO 2036 --- [main] o.s.b.a.w.s.WelcomePageHandlerMapping    : Adding welcome page: class path resource [static/index.html]
2019-08-02 16:06:47.593  INFO 2036 --- [main] o.s.b.a.e.web.EndpointLinksResolver      : Exposing 2 endpoint(s) beneath base path '/actuator'
2019-08-02 16:06:47.661  INFO 2036 --- [main] o.s.c.n.eureka.InstanceInfoFactory       : Setting initial instance status as: STARTING
2019-08-02 16:06:47.687  INFO 2036 --- [main] com.netflix.discovery.DiscoveryClient    : Initializing Eureka in region us-east-1
2019-08-02 16:06:47.860  INFO 2036 --- [main] c.n.d.provider.DiscoveryJerseyProvider   : Using JSON encoding codec LegacyJacksonJson
2019-08-02 16:06:47.860  INFO 2036 --- [main] c.n.d.provider.DiscoveryJerseyProvider   : Using JSON decoding codec LegacyJacksonJson
2019-08-02 16:06:47.935  INFO 2036 --- [main] c.n.d.provider.DiscoveryJerseyProvider   : Using XML encoding codec XStreamXml
2019-08-02 16:06:47.936  INFO 2036 --- [main] c.n.d.provider.DiscoveryJerseyProvider   : Using XML decoding codec XStreamXml
2019-08-02 16:06:48.083  INFO 2036 --- [main] c.n.d.s.r.aws.ConfigClusterResolver      : Resolving eureka endpoints via configuration
2019-08-02 16:06:48.139  INFO 2036 --- [main] com.netflix.discovery.DiscoveryClient    : Disable delta property : false
2019-08-02 16:06:48.139  INFO 2036 --- [main] com.netflix.discovery.DiscoveryClient    : Single vip registry refresh property : null
2019-08-02 16:06:48.139  INFO 2036 --- [main] com.netflix.discovery.DiscoveryClient    : Force full registry fetch : false
2019-08-02 16:06:48.139  INFO 2036 --- [main] com.netflix.discovery.DiscoveryClient    : Application is null : false
2019-08-02 16:06:48.139  INFO 2036 --- [main] com.netflix.discovery.DiscoveryClient    : Registered Applications size is zero : true
2019-08-02 16:06:48.139  INFO 2036 --- [main] com.netflix.discovery.DiscoveryClient    : Application version is -1: true
2019-08-02 16:06:48.139  INFO 2036 --- [main] com.netflix.discovery.DiscoveryClient    : Getting all instance registry info from the eureka server
2019-08-02 16:06:48.285  INFO 2036 --- [main] com.netflix.discovery.DiscoveryClient    : The response status is 200
2019-08-02 16:06:48.288  INFO 2036 --- [main] com.netflix.discovery.DiscoveryClient    : Starting heartbeat executor: renew interval is: 30
2019-08-02 16:06:48.290  INFO 2036 --- [main] c.n.discovery.InstanceInfoReplicator     : InstanceInfoReplicator onDemand update allowed rate per min is 4
2019-08-02 16:06:48.293  INFO 2036 --- [main] com.netflix.discovery.DiscoveryClient    : Discovery Client initialized at timestamp 1564733208292 with initial instances count: 2
2019-08-02 16:06:48.294  INFO 2036 --- [main] o.s.c.n.e.s.EurekaServiceRegistry        : Registering application SERVICE-RIBBON with eureka with status UP
2019-08-02 16:06:48.294  INFO 2036 --- [main] com.netflix.discovery.DiscoveryClient    : Saw local status change event StatusChangeEvent [timestamp=1564733208294, current=UP, previous=STARTING]
2019-08-02 16:06:48.296  INFO 2036 --- [DiscoveryClient-InstanceInfoReplicator-0] com.netflix.discovery.DiscoveryClient    : DiscoveryClient_SERVICE-RIBBON/SKY-20181025GRP:service-ribbon:8464: registering service...
2019-08-02 16:06:48.319  INFO 2036 --- [DiscoveryClient-InstanceInfoReplicator-0] com.netflix.discovery.DiscoveryClient    : DiscoveryClient_SERVICE-RIBBON/SKY-20181025GRP:service-ribbon:8464 - registration status: 204
2019-08-02 16:06:48.324  INFO 2036 --- [main] o.s.b.w.embedded.tomcat.TomcatWebServer  : Tomcat started on port(s): 8464 (http) with context path ''
2019-08-02 16:06:48.325  INFO 2036 --- [main] .s.c.n.e.s.EurekaAutoServiceRegistration : Updating port to 8464
2019-08-02 16:06:48.327  INFO 2036 --- [main] c.e.s.ServiceFeignApplication            : Started ServiceFeignApplication in 4.09 seconds (JVM running for 4.608)
2019-08-02 16:06:48.392  INFO 2036 --- [RMI TCP Connection(6)-127.0.0.1] o.a.c.c.C.[Tomcat].[localhost].[/]       : Initializing Spring DispatcherServlet 'dispatcherServlet'
2019-08-02 16:06:48.392  INFO 2036 --- [RMI TCP Connection(6)-127.0.0.1] o.s.web.servlet.DispatcherServlet        : Initializing Servlet 'dispatcherServlet'
2019-08-02 16:06:48.400  INFO 2036 --- [RMI TCP Connection(6)-127.0.0.1] o.s.web.servlet.DispatcherServlet        : Completed initialization in 8 ms
2019-08-02 16:07:05.577  INFO 2036 --- [http-nio-8464-exec-2] c.netflix.config.ChainedDynamicProperty  : Flipping property: pay-provider.ribbon.ActiveConnectionsLimit to use NEXT property: niws.loadbalancer.availabilityFilteringRule.activeConnectionsLimit = 2147483647
2019-08-02 16:07:05.598  INFO 2036 --- [http-nio-8464-exec-2] c.n.u.concurrent.ShutdownEnabledTimer    : Shutdown hook installed for: NFLoadBalancer-PingTimer-pay-provider
2019-08-02 16:07:05.599  INFO 2036 --- [http-nio-8464-exec-2] c.netflix.loadbalancer.BaseLoadBalancer  : Client: pay-provider instantiated a LoadBalancer: DynamicServerListLoadBalancer:{NFLoadBalancer:name=pay-provider,current list of Servers=[],Load balancer stats=Zone stats: {},Server stats: []}ServerList:null
2019-08-02 16:07:05.603  INFO 2036 --- [http-nio-8464-exec-2] c.n.l.DynamicServerListLoadBalancer      : Using serverListUpdater PollingServerListUpdater
2019-08-02 16:07:05.619  INFO 2036 --- [http-nio-8464-exec-2] c.netflix.config.ChainedDynamicProperty  : Flipping property: pay-provider.ribbon.ActiveConnectionsLimit to use NEXT property: niws.loadbalancer.availabilityFilteringRule.activeConnectionsLimit = 2147483647
2019-08-02 16:07:05.620  INFO 2036 --- [http-nio-8464-exec-2] c.n.l.DynamicServerListLoadBalancer      : DynamicServerListLoadBalancer for client pay-provider initialized: DynamicServerListLoadBalancer:{NFLoadBalancer:name=pay-provider,current list of Servers=[SKY-20181025GRP:8090],Load balancer stats=Zone stats: {defaultzone=[Zone:defaultzone;	Instance count:1;	Active connections count: 0;	Circuit breaker tripped count: 0;	Active connections per server: 0.0;]
},Server stats: [[Server:SKY-20181025GRP:8090;	Zone:defaultZone;	Total Requests:0;	Successive connection failure:0;	Total blackout seconds:0;	Last connection made:Thu Jan 01 08:00:00 CST 1970;	First connection made: Thu Jan 01 08:00:00 CST 1970;	Active Connections:0;	total failure count in last (1000) msecs:0;	average resp time:0.0;	90 percentile resp time:0.0;	95 percentile resp time:0.0;	min resp time:0.0;	max resp time:0.0;	stddev resp time:0.0]
]}ServerList:org.springframework.cloud.netflix.ribbon.eureka.DomainExtractingServerList@6c2de722
2019-08-02 16:07:06.606  INFO 2036 --- [PollingServerListUpdater-0] c.netflix.config.ChainedDynamicProperty  : Flipping property: pay-provider.ribbon.ActiveConnectionsLimit to use NEXT property: niws.loadbalancer.availabilityFilteringRule.activeConnectionsLimit = 2147483647
2019-08-02 16:07:06.677 ERROR 2036 --- [http-nio-8464-exec-2] o.a.c.c.C.[.[.[/].[dispatcherServlet]    : Servlet.service() for servlet [dispatcherServlet] in context with path [] threw exception [Request processing failed; nested exception is feign.RetryableException: Read timed out executing POST http://pay-provider/api/pay/netPay] with root cause

java.net.SocketTimeoutException: Read timed out
	at java.net.SocketInputStream.socketRead0(Native Method) ~[na:1.8.0_171]
	at java.net.SocketInputStream.socketRead(SocketInputStream.java:116) ~[na:1.8.0_171]
	at java.net.SocketInputStream.read(SocketInputStream.java:171) ~[na:1.8.0_171]
	at java.net.SocketInputStream.read(SocketInputStream.java:141) ~[na:1.8.0_171]
	at java.io.BufferedInputStream.fill(BufferedInputStream.java:246) ~[na:1.8.0_171]
	at java.io.BufferedInputStream.read1(BufferedInputStream.java:286) ~[na:1.8.0_171]
	at java.io.BufferedInputStream.read(BufferedInputStream.java:345) ~[na:1.8.0_171]
	at sun.net.www.http.HttpClient.parseHTTPHeader(HttpClient.java:735) ~[na:1.8.0_171]
	at sun.net.www.http.HttpClient.parseHTTP(HttpClient.java:678) ~[na:1.8.0_171]
	at sun.net.www.protocol.http.HttpURLConnection.getInputStream0(HttpURLConnection.java:1587) ~[na:1.8.0_171]
	at sun.net.www.protocol.http.HttpURLConnection.getInputStream(HttpURLConnection.java:1492) ~[na:1.8.0_171]
	at java.net.HttpURLConnection.getResponseCode(HttpURLConnection.java:480) ~[na:1.8.0_171]
	at feign.Client$Default.convertResponse(Client.java:143) ~[feign-core-10.1.0.jar:na]
	at feign.Client$Default.execute(Client.java:68) ~[feign-core-10.1.0.jar:na]
	at org.springframework.cloud.openfeign.ribbon.FeignLoadBalancer.execute(FeignLoadBalancer.java:93) ~[spring-cloud-openfeign-core-2.1.1.RELEASE.jar:2.1.1.RELEASE]
	at org.springframework.cloud.openfeign.ribbon.FeignLoadBalancer.execute(FeignLoadBalancer.java:56) ~[spring-cloud-openfeign-core-2.1.1.RELEASE.jar:2.1.1.RELEASE]
	at com.netflix.client.AbstractLoadBalancerAwareClient$1.call(AbstractLoadBalancerAwareClient.java:104) ~[ribbon-loadbalancer-2.3.0.jar:2.3.0]
	at com.netflix.loadbalancer.reactive.LoadBalancerCommand$3$1.call(LoadBalancerCommand.java:303) ~[ribbon-loadbalancer-2.3.0.jar:2.3.0]
	at com.netflix.loadbalancer.reactive.LoadBalancerCommand$3$1.call(LoadBalancerCommand.java:287) ~[ribbon-loadbalancer-2.3.0.jar:2.3.0]
	at rx.internal.util.ScalarSynchronousObservable$3.call(ScalarSynchronousObservable.java:231) ~[rxjava-1.3.8.jar:1.3.8]
	at rx.internal.util.ScalarSynchronousObservable$3.call(ScalarSynchronousObservable.java:228) ~[rxjava-1.3.8.jar:1.3.8]
	at rx.Observable.unsafeSubscribe(Observable.java:10327) ~[rxjava-1.3.8.jar:1.3.8]
	at rx.internal.operators.OnSubscribeConcatMap$ConcatMapSubscriber.drain(OnSubscribeConcatMap.java:286) ~[rxjava-1.3.8.jar:1.3.8]
	at rx.internal.operators.OnSubscribeConcatMap$ConcatMapSubscriber.onNext(OnSubscribeConcatMap.java:144) ~[rxjava-1.3.8.jar:1.3.8]
	at com.netflix.loadbalancer.reactive.LoadBalancerCommand$1.call(LoadBalancerCommand.java:185) ~[ribbon-loadbalancer-2.3.0.jar:2.3.0]
	at com.netflix.loadbalancer.reactive.LoadBalancerCommand$1.call(LoadBalancerCommand.java:180) ~[ribbon-loadbalancer-2.3.0.jar:2.3.0]
	at rx.Observable.unsafeSubscribe(Observable.java:10327) ~[rxjava-1.3.8.jar:1.3.8]
	at rx.internal.operators.OnSubscribeConcatMap.call(OnSubscribeConcatMap.java:94) ~[rxjava-1.3.8.jar:1.3.8]
	at rx.internal.operators.OnSubscribeConcatMap.call(OnSubscribeConcatMap.java:42) ~[rxjava-1.3.8.jar:1.3.8]
	at rx.Observable.unsafeSubscribe(Observable.java:10327) ~[rxjava-1.3.8.jar:1.3.8]
	at rx.internal.operators.OperatorRetryWithPredicate$SourceSubscriber$1.call(OperatorRetryWithPredicate.java:127) ~[rxjava-1.3.8.jar:1.3.8]
	at rx.internal.schedulers.TrampolineScheduler$InnerCurrentThreadScheduler.enqueue(TrampolineScheduler.java:73) ~[rxjava-1.3.8.jar:1.3.8]
	at rx.internal.schedulers.TrampolineScheduler$InnerCurrentThreadScheduler.schedule(TrampolineScheduler.java:52) ~[rxjava-1.3.8.jar:1.3.8]
	at rx.internal.operators.OperatorRetryWithPredicate$SourceSubscriber.onNext(OperatorRetryWithPredicate.java:79) ~[rxjava-1.3.8.jar:1.3.8]
	at rx.internal.operators.OperatorRetryWithPredicate$SourceSubscriber.onNext(OperatorRetryWithPredicate.java:45) ~[rxjava-1.3.8.jar:1.3.8]
	at rx.internal.util.ScalarSynchronousObservable$WeakSingleProducer.request(ScalarSynchronousObservable.java:276) ~[rxjava-1.3.8.jar:1.3.8]
	at rx.Subscriber.setProducer(Subscriber.java:209) ~[rxjava-1.3.8.jar:1.3.8]
	at rx.internal.util.ScalarSynchronousObservable$JustOnSubscribe.call(ScalarSynchronousObservable.java:138) ~[rxjava-1.3.8.jar:1.3.8]
	at rx.internal.util.ScalarSynchronousObservable$JustOnSubscribe.call(ScalarSynchronousObservable.java:129) ~[rxjava-1.3.8.jar:1.3.8]
	at rx.internal.operators.OnSubscribeLift.call(OnSubscribeLift.java:48) ~[rxjava-1.3.8.jar:1.3.8]
	at rx.internal.operators.OnSubscribeLift.call(OnSubscribeLift.java:30) ~[rxjava-1.3.8.jar:1.3.8]
	at rx.internal.operators.OnSubscribeLift.call(OnSubscribeLift.java:48) ~[rxjava-1.3.8.jar:1.3.8]
	at rx.internal.operators.OnSubscribeLift.call(OnSubscribeLift.java:30) ~[rxjava-1.3.8.jar:1.3.8]
	at rx.internal.operators.OnSubscribeLift.call(OnSubscribeLift.java:48) ~[rxjava-1.3.8.jar:1.3.8]
	at rx.internal.operators.OnSubscribeLift.call(OnSubscribeLift.java:30) ~[rxjava-1.3.8.jar:1.3.8]
	at rx.Observable.subscribe(Observable.java:10423) ~[rxjava-1.3.8.jar:1.3.8]
	at rx.Observable.subscribe(Observable.java:10390) ~[rxjava-1.3.8.jar:1.3.8]
	at rx.observables.BlockingObservable.blockForSingle(BlockingObservable.java:443) ~[rxjava-1.3.8.jar:1.3.8]
	at rx.observables.BlockingObservable.single(BlockingObservable.java:340) ~[rxjava-1.3.8.jar:1.3.8]
	at com.netflix.client.AbstractLoadBalancerAwareClient.executeWithLoadBalancer(AbstractLoadBalancerAwareClient.java:112) ~[ribbon-loadbalancer-2.3.0.jar:2.3.0]
	at org.springframework.cloud.openfeign.ribbon.LoadBalancerFeignClient.execute(LoadBalancerFeignClient.java:83) ~[spring-cloud-openfeign-core-2.1.1.RELEASE.jar:2.1.1.RELEASE]
	at feign.SynchronousMethodHandler.executeAndDecode(SynchronousMethodHandler.java:108) ~[feign-core-10.1.0.jar:na]
	at feign.SynchronousMethodHandler.invoke(SynchronousMethodHandler.java:78) ~[feign-core-10.1.0.jar:na]
	at feign.ReflectiveFeign$FeignInvocationHandler.invoke(ReflectiveFeign.java:103) ~[feign-core-10.1.0.jar:na]
	at com.sun.proxy.$Proxy115.netPay(Unknown Source) ~[na:na]
	at com.example.servicefeign.controller.Hello.alipay(Hello.java:26) ~[classes/:na]
	at sun.reflect.NativeMethodAccessorImpl.invoke0(Native Method) ~[na:1.8.0_171]
	at sun.reflect.NativeMethodAccessorImpl.invoke(NativeMethodAccessorImpl.java:62) ~[na:1.8.0_171]
	at sun.reflect.DelegatingMethodAccessorImpl.invoke(DelegatingMethodAccessorImpl.java:43) ~[na:1.8.0_171]
	at java.lang.reflect.Method.invoke(Method.java:498) ~[na:1.8.0_171]
	at org.springframework.web.method.support.InvocableHandlerMethod.doInvoke(InvocableHandlerMethod.java:190) ~[spring-web-5.1.8.RELEASE.jar:5.1.8.RELEASE]
	at org.springframework.web.method.support.InvocableHandlerMethod.invokeForRequest(InvocableHandlerMethod.java:138) ~[spring-web-5.1.8.RELEASE.jar:5.1.8.RELEASE]
	at org.springframework.web.servlet.mvc.method.annotation.ServletInvocableHandlerMethod.invokeAndHandle(ServletInvocableHandlerMethod.java:104) ~[spring-webmvc-5.1.8.RELEASE.jar:5.1.8.RELEASE]
	at org.springframework.web.servlet.mvc.method.annotation.RequestMappingHandlerAdapter.invokeHandlerMethod(RequestMappingHandlerAdapter.java:892) ~[spring-webmvc-5.1.8.RELEASE.jar:5.1.8.RELEASE]
	at org.springframework.web.servlet.mvc.method.annotation.RequestMappingHandlerAdapter.handleInternal(RequestMappingHandlerAdapter.java:797) ~[spring-webmvc-5.1.8.RELEASE.jar:5.1.8.RELEASE]
	at org.springframework.web.servlet.mvc.method.AbstractHandlerMethodAdapter.handle(AbstractHandlerMethodAdapter.java:87) ~[spring-webmvc-5.1.8.RELEASE.jar:5.1.8.RELEASE]
	at org.springframework.web.servlet.DispatcherServlet.doDispatch(DispatcherServlet.java:1039) ~[spring-webmvc-5.1.8.RELEASE.jar:5.1.8.RELEASE]
	at org.springframework.web.servlet.DispatcherServlet.doService(DispatcherServlet.java:942) ~[spring-webmvc-5.1.8.RELEASE.jar:5.1.8.RELEASE]
	at org.springframework.web.servlet.FrameworkServlet.processRequest(FrameworkServlet.java:1005) ~[spring-webmvc-5.1.8.RELEASE.jar:5.1.8.RELEASE]
	at org.springframework.web.servlet.FrameworkServlet.doPost(FrameworkServlet.java:908) ~[spring-webmvc-5.1.8.RELEASE.jar:5.1.8.RELEASE]
	at javax.servlet.http.HttpServlet.service(HttpServlet.java:660) ~[tomcat-embed-core-9.0.21.jar:9.0.21]
	at org.springframework.web.servlet.FrameworkServlet.service(FrameworkServlet.java:882) ~[spring-webmvc-5.1.8.RELEASE.jar:5.1.8.RELEASE]
	at javax.servlet.http.HttpServlet.service(HttpServlet.java:741) ~[tomcat-embed-core-9.0.21.jar:9.0.21]
	at org.apache.catalina.core.ApplicationFilterChain.internalDoFilter(ApplicationFilterChain.java:231) ~[tomcat-embed-core-9.0.21.jar:9.0.21]
	at org.apache.catalina.core.ApplicationFilterChain.doFilter(ApplicationFilterChain.java:166) ~[tomcat-embed-core-9.0.21.jar:9.0.21]
	at org.apache.tomcat.websocket.server.WsFilter.doFilter(WsFilter.java:53) ~[tomcat-embed-websocket-9.0.21.jar:9.0.21]
	at org.apache.catalina.core.ApplicationFilterChain.internalDoFilter(ApplicationFilterChain.java:193) ~[tomcat-embed-core-9.0.21.jar:9.0.21]
	at org.apache.catalina.core.ApplicationFilterChain.doFilter(ApplicationFilterChain.java:166) ~[tomcat-embed-core-9.0.21.jar:9.0.21]
	at org.springframework.boot.actuate.web.trace.servlet.HttpTraceFilter.doFilterInternal(HttpTraceFilter.java:88) ~[spring-boot-actuator-2.1.6.RELEASE.jar:2.1.6.RELEASE]
	at org.springframework.web.filter.OncePerRequestFilter.doFilter(OncePerRequestFilter.java:109) ~[spring-web-5.1.8.RELEASE.jar:5.1.8.RELEASE]
	at org.apache.catalina.core.ApplicationFilterChain.internalDoFilter(ApplicationFilterChain.java:193) ~[tomcat-embed-core-9.0.21.jar:9.0.21]
	at org.apache.catalina.core.ApplicationFilterChain.doFilter(ApplicationFilterChain.java:166) ~[tomcat-embed-core-9.0.21.jar:9.0.21]
	at org.springframework.web.filter.RequestContextFilter.doFilterInternal(RequestContextFilter.java:99) ~[spring-web-5.1.8.RELEASE.jar:5.1.8.RELEASE]
	at org.springframework.web.filter.OncePerRequestFilter.doFilter(OncePerRequestFilter.java:109) ~[spring-web-5.1.8.RELEASE.jar:5.1.8.RELEASE]
	at org.apache.catalina.core.ApplicationFilterChain.internalDoFilter(ApplicationFilterChain.java:193) ~[tomcat-embed-core-9.0.21.jar:9.0.21]
	at org.apache.catalina.core.ApplicationFilterChain.doFilter(ApplicationFilterChain.java:166) ~[tomcat-embed-core-9.0.21.jar:9.0.21]
	at org.springframework.web.filter.FormContentFilter.doFilterInternal(FormContentFilter.java:92) ~[spring-web-5.1.8.RELEASE.jar:5.1.8.RELEASE]
	at org.springframework.web.filter.OncePerRequestFilter.doFilter(OncePerRequestFilter.java:109) ~[spring-web-5.1.8.RELEASE.jar:5.1.8.RELEASE]
	at org.apache.catalina.core.ApplicationFilterChain.internalDoFilter(ApplicationFilterChain.java:193) ~[tomcat-embed-core-9.0.21.jar:9.0.21]
	at org.apache.catalina.core.ApplicationFilterChain.doFilter(ApplicationFilterChain.java:166) ~[tomcat-embed-core-9.0.21.jar:9.0.21]
	at org.springframework.web.filter.HiddenHttpMethodFilter.doFilterInternal(HiddenHttpMethodFilter.java:93) ~[spring-web-5.1.8.RELEASE.jar:5.1.8.RELEASE]
	at org.springframework.web.filter.OncePerRequestFilter.doFilter(OncePerRequestFilter.java:109) ~[spring-web-5.1.8.RELEASE.jar:5.1.8.RELEASE]
	at org.apache.catalina.core.ApplicationFilterChain.internalDoFilter(ApplicationFilterChain.java:193) ~[tomcat-embed-core-9.0.21.jar:9.0.21]
	at org.apache.catalina.core.ApplicationFilterChain.doFilter(ApplicationFilterChain.java:166) ~[tomcat-embed-core-9.0.21.jar:9.0.21]
	at org.springframework.boot.actuate.metrics.web.servlet.WebMvcMetricsFilter.filterAndRecordMetrics(WebMvcMetricsFilter.java:114) ~[spring-boot-actuator-2.1.6.RELEASE.jar:2.1.6.RELEASE]
	at org.springframework.boot.actuate.metrics.web.servlet.WebMvcMetricsFilter.doFilterInternal(WebMvcMetricsFilter.java:104) ~[spring-boot-actuator-2.1.6.RELEASE.jar:2.1.6.RELEASE]
	at org.springframework.web.filter.OncePerRequestFilter.doFilter(OncePerRequestFilter.java:109) ~[spring-web-5.1.8.RELEASE.jar:5.1.8.RELEASE]
	at org.apache.catalina.core.ApplicationFilterChain.internalDoFilter(ApplicationFilterChain.java:193) ~[tomcat-embed-core-9.0.21.jar:9.0.21]
	at org.apache.catalina.core.ApplicationFilterChain.doFilter(ApplicationFilterChain.java:166) ~[tomcat-embed-core-9.0.21.jar:9.0.21]
	at org.springframework.web.filter.CharacterEncodingFilter.doFilterInternal(CharacterEncodingFilter.java:200) ~[spring-web-5.1.8.RELEASE.jar:5.1.8.RELEASE]
	at org.springframework.web.filter.OncePerRequestFilter.doFilter(OncePerRequestFilter.java:109) ~[spring-web-5.1.8.RELEASE.jar:5.1.8.RELEASE]
	at org.apache.catalina.core.ApplicationFilterChain.internalDoFilter(ApplicationFilterChain.java:193) ~[tomcat-embed-core-9.0.21.jar:9.0.21]
	at org.apache.catalina.core.ApplicationFilterChain.doFilter(ApplicationFilterChain.java:166) ~[tomcat-embed-core-9.0.21.jar:9.0.21]
	at org.apache.catalina.core.StandardWrapperValve.invoke(StandardWrapperValve.java:202) ~[tomcat-embed-core-9.0.21.jar:9.0.21]
	at org.apache.catalina.core.StandardContextValve.invoke(StandardContextValve.java:96) [tomcat-embed-core-9.0.21.jar:9.0.21]
	at org.apache.catalina.authenticator.AuthenticatorBase.invoke(AuthenticatorBase.java:490) [tomcat-embed-core-9.0.21.jar:9.0.21]
	at org.apache.catalina.core.StandardHostValve.invoke(StandardHostValve.java:139) [tomcat-embed-core-9.0.21.jar:9.0.21]
	at org.apache.catalina.valves.ErrorReportValve.invoke(ErrorReportValve.java:92) [tomcat-embed-core-9.0.21.jar:9.0.21]
	at org.apache.catalina.core.StandardEngineValve.invoke(StandardEngineValve.java:74) [tomcat-embed-core-9.0.21.jar:9.0.21]
	at org.apache.catalina.connector.CoyoteAdapter.service(CoyoteAdapter.java:343) [tomcat-embed-core-9.0.21.jar:9.0.21]
	at org.apache.coyote.http11.Http11Processor.service(Http11Processor.java:408) [tomcat-embed-core-9.0.21.jar:9.0.21]
	at org.apache.coyote.AbstractProcessorLight.process(AbstractProcessorLight.java:66) [tomcat-embed-core-9.0.21.jar:9.0.21]
	at org.apache.coyote.AbstractProtocol$ConnectionHandler.process(AbstractProtocol.java:853) [tomcat-embed-core-9.0.21.jar:9.0.21]
	at org.apache.tomcat.util.net.NioEndpoint$SocketProcessor.doRun(NioEndpoint.java:1587) [tomcat-embed-core-9.0.21.jar:9.0.21]
	at org.apache.tomcat.util.net.SocketProcessorBase.run(SocketProcessorBase.java:49) [tomcat-embed-core-9.0.21.jar:9.0.21]
	at java.util.concurrent.ThreadPoolExecutor.runWorker(ThreadPoolExecutor.java:1149) [na:1.8.0_171]
	at java.util.concurrent.ThreadPoolExecutor$Worker.run(ThreadPoolExecutor.java:624) [na:1.8.0_171]
	at org.apache.tomcat.util.threads.TaskThread$WrappingRunnable.run(TaskThread.java:61) [tomcat-embed-core-9.0.21.jar:9.0.21]
	at java.lang.Thread.run(Thread.java:748) [na:1.8.0_171]

2019-08-02 16:11:48.143  INFO 2036 --- [AsyncResolver-bootstrap-executor-0] c.n.d.s.r.aws.ConfigClusterResolver      : Resolving eureka endpoints via configuration
2019-08-02 16:13:03.068  INFO 13284 --- [main] c.e.s.ServiceFeignApplication            : No active profile set, falling back to default profiles: default
2019-08-02 16:13:03.597  WARN 13284 --- [main] o.s.boot.actuate.endpoint.EndpointId     : Endpoint ID 'service-registry' contains invalid characters, please migrate to a valid format.
2019-08-02 16:13:03.610  WARN 13284 --- [main] o.s.boot.actuate.endpoint.EndpointId     : Endpoint ID 'hystrix.stream' contains invalid characters, please migrate to a valid format.
2019-08-02 16:13:03.733  INFO 13284 --- [main] o.s.cloud.context.scope.GenericScope     : BeanFactory id=b6274c68-a241-37b3-b695-3ce8962eaa2a
2019-08-02 16:13:03.750  INFO 13284 --- [main] trationDelegate$BeanPostProcessorChecker : Bean 'com.quan.peak.service.IpayService' of type [org.springframework.cloud.openfeign.FeignClientFactoryBean] is not eligible for getting processed by all BeanPostProcessors (for example: not eligible for auto-proxying)
2019-08-02 16:13:03.884  INFO 13284 --- [main] trationDelegate$BeanPostProcessorChecker : Bean 'org.springframework.cloud.autoconfigure.ConfigurationPropertiesRebinderAutoConfiguration' of type [org.springframework.cloud.autoconfigure.ConfigurationPropertiesRebinderAutoConfiguration$$EnhancerBySpringCGLIB$$b1804429] is not eligible for getting processed by all BeanPostProcessors (for example: not eligible for auto-proxying)
2019-08-02 16:13:04.079  INFO 13284 --- [main] o.s.b.w.embedded.tomcat.TomcatWebServer  : Tomcat initialized with port(s): 8464 (http)
2019-08-02 16:13:04.096  INFO 13284 --- [main] o.apache.catalina.core.StandardService   : Starting service [Tomcat]
2019-08-02 16:13:04.096  INFO 13284 --- [main] org.apache.catalina.core.StandardEngine  : Starting Servlet engine: [Apache Tomcat/9.0.21]
2019-08-02 16:13:04.244  INFO 13284 --- [main] o.a.c.c.C.[Tomcat].[localhost].[/]       : Initializing Spring embedded WebApplicationContext
2019-08-02 16:13:04.245  INFO 13284 --- [main] o.s.web.context.ContextLoader            : Root WebApplicationContext: initialization completed in 1160 ms
2019-08-02 16:13:04.320  WARN 13284 --- [main] c.n.c.sources.URLConfigurationSource     : No URLs will be polled as dynamic configuration sources.
2019-08-02 16:13:04.320  INFO 13284 --- [main] c.n.c.sources.URLConfigurationSource     : To enable URLs as dynamic configuration sources, define System property archaius.configurationSource.additionalUrls or make config.properties available on classpath.
2019-08-02 16:13:04.327  INFO 13284 --- [main] c.netflix.config.DynamicPropertyFactory  : DynamicPropertyFactory is initialized with configuration sources: com.netflix.config.ConcurrentCompositeConfiguration@1142d377
2019-08-02 16:13:04.868  WARN 13284 --- [main] c.n.c.sources.URLConfigurationSource     : No URLs will be polled as dynamic configuration sources.
2019-08-02 16:13:04.869  INFO 13284 --- [main] c.n.c.sources.URLConfigurationSource     : To enable URLs as dynamic configuration sources, define System property archaius.configurationSource.additionalUrls or make config.properties available on classpath.
2019-08-02 16:13:04.989  INFO 13284 --- [main] o.s.s.concurrent.ThreadPoolTaskExecutor  : Initializing ExecutorService 'applicationTaskExecutor'
2019-08-02 16:13:05.086  INFO 13284 --- [main] o.s.b.a.w.s.WelcomePageHandlerMapping    : Adding welcome page: class path resource [static/index.html]
2019-08-02 16:13:05.396  INFO 13284 --- [main] o.s.b.a.e.web.EndpointLinksResolver      : Exposing 2 endpoint(s) beneath base path '/actuator'
2019-08-02 16:13:05.467  INFO 13284 --- [main] o.s.c.n.eureka.InstanceInfoFactory       : Setting initial instance status as: STARTING
2019-08-02 16:13:05.491  INFO 13284 --- [main] com.netflix.discovery.DiscoveryClient    : Initializing Eureka in region us-east-1
2019-08-02 16:13:05.665  INFO 13284 --- [main] c.n.d.provider.DiscoveryJerseyProvider   : Using JSON encoding codec LegacyJacksonJson
2019-08-02 16:13:05.665  INFO 13284 --- [main] c.n.d.provider.DiscoveryJerseyProvider   : Using JSON decoding codec LegacyJacksonJson
2019-08-02 16:13:05.740  INFO 13284 --- [main] c.n.d.provider.DiscoveryJerseyProvider   : Using XML encoding codec XStreamXml
2019-08-02 16:13:05.740  INFO 13284 --- [main] c.n.d.provider.DiscoveryJerseyProvider   : Using XML decoding codec XStreamXml
2019-08-02 16:13:05.886  INFO 13284 --- [main] c.n.d.s.r.aws.ConfigClusterResolver      : Resolving eureka endpoints via configuration
2019-08-02 16:13:05.976  INFO 13284 --- [main] com.netflix.discovery.DiscoveryClient    : Disable delta property : false
2019-08-02 16:13:05.976  INFO 13284 --- [main] com.netflix.discovery.DiscoveryClient    : Single vip registry refresh property : null
2019-08-02 16:13:05.976  INFO 13284 --- [main] com.netflix.discovery.DiscoveryClient    : Force full registry fetch : false
2019-08-02 16:13:05.976  INFO 13284 --- [main] com.netflix.discovery.DiscoveryClient    : Application is null : false
2019-08-02 16:13:05.976  INFO 13284 --- [main] com.netflix.discovery.DiscoveryClient    : Registered Applications size is zero : true
2019-08-02 16:13:05.976  INFO 13284 --- [main] com.netflix.discovery.DiscoveryClient    : Application version is -1: true
2019-08-02 16:13:05.977  INFO 13284 --- [main] com.netflix.discovery.DiscoveryClient    : Getting all instance registry info from the eureka server
2019-08-02 16:13:06.105  INFO 13284 --- [main] com.netflix.discovery.DiscoveryClient    : The response status is 200
2019-08-02 16:13:06.108  INFO 13284 --- [main] com.netflix.discovery.DiscoveryClient    : Starting heartbeat executor: renew interval is: 30
2019-08-02 16:13:06.110  INFO 13284 --- [main] c.n.discovery.InstanceInfoReplicator     : InstanceInfoReplicator onDemand update allowed rate per min is 4
2019-08-02 16:13:06.114  INFO 13284 --- [main] com.netflix.discovery.DiscoveryClient    : Discovery Client initialized at timestamp 1564733586113 with initial instances count: 2
2019-08-02 16:13:06.116  INFO 13284 --- [main] o.s.c.n.e.s.EurekaServiceRegistry        : Registering application SERVICE-RIBBON with eureka with status UP
2019-08-02 16:13:06.116  INFO 13284 --- [main] com.netflix.discovery.DiscoveryClient    : Saw local status change event StatusChangeEvent [timestamp=1564733586116, current=UP, previous=STARTING]
2019-08-02 16:13:06.117  INFO 13284 --- [DiscoveryClient-InstanceInfoReplicator-0] com.netflix.discovery.DiscoveryClient    : DiscoveryClient_SERVICE-RIBBON/SKY-20181025GRP:service-ribbon:8464: registering service...
2019-08-02 16:13:06.141  INFO 13284 --- [DiscoveryClient-InstanceInfoReplicator-0] com.netflix.discovery.DiscoveryClient    : DiscoveryClient_SERVICE-RIBBON/SKY-20181025GRP:service-ribbon:8464 - registration status: 204
2019-08-02 16:13:06.149  INFO 13284 --- [main] o.s.b.w.embedded.tomcat.TomcatWebServer  : Tomcat started on port(s): 8464 (http) with context path ''
2019-08-02 16:13:06.150  INFO 13284 --- [main] .s.c.n.e.s.EurekaAutoServiceRegistration : Updating port to 8464
2019-08-02 16:13:06.152  INFO 13284 --- [main] c.e.s.ServiceFeignApplication            : Started ServiceFeignApplication in 4.028 seconds (JVM running for 4.579)
2019-08-02 16:13:06.211  INFO 13284 --- [RMI TCP Connection(4)-127.0.0.1] o.a.c.c.C.[Tomcat].[localhost].[/]       : Initializing Spring DispatcherServlet 'dispatcherServlet'
2019-08-02 16:13:06.211  INFO 13284 --- [RMI TCP Connection(4)-127.0.0.1] o.s.web.servlet.DispatcherServlet        : Initializing Servlet 'dispatcherServlet'
2019-08-02 16:13:06.219  INFO 13284 --- [RMI TCP Connection(4)-127.0.0.1] o.s.web.servlet.DispatcherServlet        : Completed initialization in 8 ms
2019-08-02 16:14:09.178  INFO 13284 --- [http-nio-8464-exec-1] c.netflix.config.ChainedDynamicProperty  : Flipping property: pay-provider.ribbon.ActiveConnectionsLimit to use NEXT property: niws.loadbalancer.availabilityFilteringRule.activeConnectionsLimit = 2147483647
2019-08-02 16:14:09.197  INFO 13284 --- [http-nio-8464-exec-1] c.n.u.concurrent.ShutdownEnabledTimer    : Shutdown hook installed for: NFLoadBalancer-PingTimer-pay-provider
2019-08-02 16:14:09.197  INFO 13284 --- [http-nio-8464-exec-1] c.netflix.loadbalancer.BaseLoadBalancer  : Client: pay-provider instantiated a LoadBalancer: DynamicServerListLoadBalancer:{NFLoadBalancer:name=pay-provider,current list of Servers=[],Load balancer stats=Zone stats: {},Server stats: []}ServerList:null
2019-08-02 16:14:09.201  INFO 13284 --- [http-nio-8464-exec-1] c.n.l.DynamicServerListLoadBalancer      : Using serverListUpdater PollingServerListUpdater
2019-08-02 16:14:09.215  INFO 13284 --- [http-nio-8464-exec-1] c.netflix.config.ChainedDynamicProperty  : Flipping property: pay-provider.ribbon.ActiveConnectionsLimit to use NEXT property: niws.loadbalancer.availabilityFilteringRule.activeConnectionsLimit = 2147483647
2019-08-02 16:14:09.216  INFO 13284 --- [http-nio-8464-exec-1] c.n.l.DynamicServerListLoadBalancer      : DynamicServerListLoadBalancer for client pay-provider initialized: DynamicServerListLoadBalancer:{NFLoadBalancer:name=pay-provider,current list of Servers=[SKY-20181025GRP:8090],Load balancer stats=Zone stats: {defaultzone=[Zone:defaultzone;	Instance count:1;	Active connections count: 0;	Circuit breaker tripped count: 0;	Active connections per server: 0.0;]
},Server stats: [[Server:SKY-20181025GRP:8090;	Zone:defaultZone;	Total Requests:0;	Successive connection failure:0;	Total blackout seconds:0;	Last connection made:Thu Jan 01 08:00:00 CST 1970;	First connection made: Thu Jan 01 08:00:00 CST 1970;	Active Connections:0;	total failure count in last (1000) msecs:0;	average resp time:0.0;	90 percentile resp time:0.0;	95 percentile resp time:0.0;	min resp time:0.0;	max resp time:0.0;	stddev resp time:0.0]
]}ServerList:org.springframework.cloud.netflix.ribbon.eureka.DomainExtractingServerList@6bbe2eca
2019-08-02 16:14:10.204  INFO 13284 --- [PollingServerListUpdater-0] c.netflix.config.ChainedDynamicProperty  : Flipping property: pay-provider.ribbon.ActiveConnectionsLimit to use NEXT property: niws.loadbalancer.availabilityFilteringRule.activeConnectionsLimit = 2147483647
2019-08-02 16:16:56.514  INFO 10824 --- [main] c.e.s.ServiceFeignApplication            : No active profile set, falling back to default profiles: default
2019-08-02 16:16:57.025  WARN 10824 --- [main] o.s.boot.actuate.endpoint.EndpointId     : Endpoint ID 'service-registry' contains invalid characters, please migrate to a valid format.
2019-08-02 16:16:57.032  WARN 10824 --- [main] o.s.boot.actuate.endpoint.EndpointId     : Endpoint ID 'hystrix.stream' contains invalid characters, please migrate to a valid format.
2019-08-02 16:16:57.146  INFO 10824 --- [main] o.s.cloud.context.scope.GenericScope     : BeanFactory id=b6274c68-a241-37b3-b695-3ce8962eaa2a
2019-08-02 16:16:57.161  INFO 10824 --- [main] trationDelegate$BeanPostProcessorChecker : Bean 'com.quan.peak.service.IpayService' of type [org.springframework.cloud.openfeign.FeignClientFactoryBean] is not eligible for getting processed by all BeanPostProcessors (for example: not eligible for auto-proxying)
2019-08-02 16:16:57.292  INFO 10824 --- [main] trationDelegate$BeanPostProcessorChecker : Bean 'org.springframework.cloud.autoconfigure.ConfigurationPropertiesRebinderAutoConfiguration' of type [org.springframework.cloud.autoconfigure.ConfigurationPropertiesRebinderAutoConfiguration$$EnhancerBySpringCGLIB$$c98d4b9c] is not eligible for getting processed by all BeanPostProcessors (for example: not eligible for auto-proxying)
2019-08-02 16:16:57.490  INFO 10824 --- [main] o.s.b.w.embedded.tomcat.TomcatWebServer  : Tomcat initialized with port(s): 8464 (http)
2019-08-02 16:16:57.506  INFO 10824 --- [main] o.apache.catalina.core.StandardService   : Starting service [Tomcat]
2019-08-02 16:16:57.506  INFO 10824 --- [main] org.apache.catalina.core.StandardEngine  : Starting Servlet engine: [Apache Tomcat/9.0.21]
2019-08-02 16:16:57.649  INFO 10824 --- [main] o.a.c.c.C.[Tomcat].[localhost].[/]       : Initializing Spring embedded WebApplicationContext
2019-08-02 16:16:57.649  INFO 10824 --- [main] o.s.web.context.ContextLoader            : Root WebApplicationContext: initialization completed in 1116 ms
2019-08-02 16:16:57.724  WARN 10824 --- [main] c.n.c.sources.URLConfigurationSource     : No URLs will be polled as dynamic configuration sources.
2019-08-02 16:16:57.724  INFO 10824 --- [main] c.n.c.sources.URLConfigurationSource     : To enable URLs as dynamic configuration sources, define System property archaius.configurationSource.additionalUrls or make config.properties available on classpath.
2019-08-02 16:16:57.730  INFO 10824 --- [main] c.netflix.config.DynamicPropertyFactory  : DynamicPropertyFactory is initialized with configuration sources: com.netflix.config.ConcurrentCompositeConfiguration@38029686
2019-08-02 16:16:58.318  WARN 10824 --- [main] c.n.c.sources.URLConfigurationSource     : No URLs will be polled as dynamic configuration sources.
2019-08-02 16:16:58.318  INFO 10824 --- [main] c.n.c.sources.URLConfigurationSource     : To enable URLs as dynamic configuration sources, define System property archaius.configurationSource.additionalUrls or make config.properties available on classpath.
2019-08-02 16:16:58.438  INFO 10824 --- [main] o.s.s.concurrent.ThreadPoolTaskExecutor  : Initializing ExecutorService 'applicationTaskExecutor'
2019-08-02 16:16:58.532  INFO 10824 --- [main] o.s.b.a.w.s.WelcomePageHandlerMapping    : Adding welcome page: class path resource [static/index.html]
2019-08-02 16:16:58.846  INFO 10824 --- [main] o.s.b.a.e.web.EndpointLinksResolver      : Exposing 2 endpoint(s) beneath base path '/actuator'
2019-08-02 16:16:58.914  INFO 10824 --- [main] o.s.c.n.eureka.InstanceInfoFactory       : Setting initial instance status as: STARTING
2019-08-02 16:16:58.938  INFO 10824 --- [main] com.netflix.discovery.DiscoveryClient    : Initializing Eureka in region us-east-1
2019-08-02 16:16:59.113  INFO 10824 --- [main] c.n.d.provider.DiscoveryJerseyProvider   : Using JSON encoding codec LegacyJacksonJson
2019-08-02 16:16:59.113  INFO 10824 --- [main] c.n.d.provider.DiscoveryJerseyProvider   : Using JSON decoding codec LegacyJacksonJson
2019-08-02 16:16:59.188  INFO 10824 --- [main] c.n.d.provider.DiscoveryJerseyProvider   : Using XML encoding codec XStreamXml
2019-08-02 16:16:59.188  INFO 10824 --- [main] c.n.d.provider.DiscoveryJerseyProvider   : Using XML decoding codec XStreamXml
2019-08-02 16:16:59.334  INFO 10824 --- [main] c.n.d.s.r.aws.ConfigClusterResolver      : Resolving eureka endpoints via configuration
2019-08-02 16:16:59.389  INFO 10824 --- [main] com.netflix.discovery.DiscoveryClient    : Disable delta property : false
2019-08-02 16:16:59.389  INFO 10824 --- [main] com.netflix.discovery.DiscoveryClient    : Single vip registry refresh property : null
2019-08-02 16:16:59.389  INFO 10824 --- [main] com.netflix.discovery.DiscoveryClient    : Force full registry fetch : false
2019-08-02 16:16:59.389  INFO 10824 --- [main] com.netflix.discovery.DiscoveryClient    : Application is null : false
2019-08-02 16:16:59.389  INFO 10824 --- [main] com.netflix.discovery.DiscoveryClient    : Registered Applications size is zero : true
2019-08-02 16:16:59.389  INFO 10824 --- [main] com.netflix.discovery.DiscoveryClient    : Application version is -1: true
2019-08-02 16:16:59.389  INFO 10824 --- [main] com.netflix.discovery.DiscoveryClient    : Getting all instance registry info from the eureka server
2019-08-02 16:16:59.509  INFO 10824 --- [main] com.netflix.discovery.DiscoveryClient    : The response status is 200
2019-08-02 16:16:59.511  INFO 10824 --- [main] com.netflix.discovery.DiscoveryClient    : Starting heartbeat executor: renew interval is: 30
2019-08-02 16:16:59.513  INFO 10824 --- [main] c.n.discovery.InstanceInfoReplicator     : InstanceInfoReplicator onDemand update allowed rate per min is 4
2019-08-02 16:16:59.515  INFO 10824 --- [main] com.netflix.discovery.DiscoveryClient    : Discovery Client initialized at timestamp 1564733819515 with initial instances count: 2
2019-08-02 16:16:59.517  INFO 10824 --- [main] o.s.c.n.e.s.EurekaServiceRegistry        : Registering application SERVICE-RIBBON with eureka with status UP
2019-08-02 16:16:59.517  INFO 10824 --- [main] com.netflix.discovery.DiscoveryClient    : Saw local status change event StatusChangeEvent [timestamp=1564733819517, current=UP, previous=STARTING]
2019-08-02 16:16:59.518  INFO 10824 --- [DiscoveryClient-InstanceInfoReplicator-0] com.netflix.discovery.DiscoveryClient    : DiscoveryClient_SERVICE-RIBBON/SKY-20181025GRP:service-ribbon:8464: registering service...
2019-08-02 16:16:59.540  INFO 10824 --- [DiscoveryClient-InstanceInfoReplicator-0] com.netflix.discovery.DiscoveryClient    : DiscoveryClient_SERVICE-RIBBON/SKY-20181025GRP:service-ribbon:8464 - registration status: 204
2019-08-02 16:16:59.546  INFO 10824 --- [main] o.s.b.w.embedded.tomcat.TomcatWebServer  : Tomcat started on port(s): 8464 (http) with context path ''
2019-08-02 16:16:59.547  INFO 10824 --- [main] .s.c.n.e.s.EurekaAutoServiceRegistration : Updating port to 8464
2019-08-02 16:16:59.548  INFO 10824 --- [main] c.e.s.ServiceFeignApplication            : Started ServiceFeignApplication in 3.995 seconds (JVM running for 4.577)
2019-08-02 16:16:59.636  INFO 10824 --- [RMI TCP Connection(2)-127.0.0.1] o.a.c.c.C.[Tomcat].[localhost].[/]       : Initializing Spring DispatcherServlet 'dispatcherServlet'
2019-08-02 16:16:59.636  INFO 10824 --- [RMI TCP Connection(2)-127.0.0.1] o.s.web.servlet.DispatcherServlet        : Initializing Servlet 'dispatcherServlet'
2019-08-02 16:16:59.644  INFO 10824 --- [RMI TCP Connection(2)-127.0.0.1] o.s.web.servlet.DispatcherServlet        : Completed initialization in 7 ms
2019-08-02 16:17:10.877  INFO 10824 --- [http-nio-8464-exec-3] c.netflix.config.ChainedDynamicProperty  : Flipping property: pay-provider.ribbon.ActiveConnectionsLimit to use NEXT property: niws.loadbalancer.availabilityFilteringRule.activeConnectionsLimit = 2147483647
2019-08-02 16:17:10.897  INFO 10824 --- [http-nio-8464-exec-3] c.n.u.concurrent.ShutdownEnabledTimer    : Shutdown hook installed for: NFLoadBalancer-PingTimer-pay-provider
2019-08-02 16:17:10.897  INFO 10824 --- [http-nio-8464-exec-3] c.netflix.loadbalancer.BaseLoadBalancer  : Client: pay-provider instantiated a LoadBalancer: DynamicServerListLoadBalancer:{NFLoadBalancer:name=pay-provider,current list of Servers=[],Load balancer stats=Zone stats: {},Server stats: []}ServerList:null
2019-08-02 16:17:10.900  INFO 10824 --- [http-nio-8464-exec-3] c.n.l.DynamicServerListLoadBalancer      : Using serverListUpdater PollingServerListUpdater
2019-08-02 16:17:10.913  INFO 10824 --- [http-nio-8464-exec-3] c.netflix.config.ChainedDynamicProperty  : Flipping property: pay-provider.ribbon.ActiveConnectionsLimit to use NEXT property: niws.loadbalancer.availabilityFilteringRule.activeConnectionsLimit = 2147483647
2019-08-02 16:17:10.914  INFO 10824 --- [http-nio-8464-exec-3] c.n.l.DynamicServerListLoadBalancer      : DynamicServerListLoadBalancer for client pay-provider initialized: DynamicServerListLoadBalancer:{NFLoadBalancer:name=pay-provider,current list of Servers=[SKY-20181025GRP:8090],Load balancer stats=Zone stats: {defaultzone=[Zone:defaultzone;	Instance count:1;	Active connections count: 0;	Circuit breaker tripped count: 0;	Active connections per server: 0.0;]
},Server stats: [[Server:SKY-20181025GRP:8090;	Zone:defaultZone;	Total Requests:0;	Successive connection failure:0;	Total blackout seconds:0;	Last connection made:Thu Jan 01 08:00:00 CST 1970;	First connection made: Thu Jan 01 08:00:00 CST 1970;	Active Connections:0;	total failure count in last (1000) msecs:0;	average resp time:0.0;	90 percentile resp time:0.0;	95 percentile resp time:0.0;	min resp time:0.0;	max resp time:0.0;	stddev resp time:0.0]
]}ServerList:org.springframework.cloud.netflix.ribbon.eureka.DomainExtractingServerList@3171247b
2019-08-02 16:17:11.905  INFO 10824 --- [PollingServerListUpdater-0] c.netflix.config.ChainedDynamicProperty  : Flipping property: pay-provider.ribbon.ActiveConnectionsLimit to use NEXT property: niws.loadbalancer.availabilityFilteringRule.activeConnectionsLimit = 2147483647
2019-08-02 16:21:59.391  INFO 10824 --- [AsyncResolver-bootstrap-executor-0] c.n.d.s.r.aws.ConfigClusterResolver      : Resolving eureka endpoints via configuration
2019-08-02 16:25:00.409  INFO 12644 --- [main] c.e.s.ServiceFeignApplication            : No active profile set, falling back to default profiles: default
2019-08-02 16:25:00.922  WARN 12644 --- [main] o.s.boot.actuate.endpoint.EndpointId     : Endpoint ID 'service-registry' contains invalid characters, please migrate to a valid format.
2019-08-02 16:25:00.930  WARN 12644 --- [main] o.s.boot.actuate.endpoint.EndpointId     : Endpoint ID 'hystrix.stream' contains invalid characters, please migrate to a valid format.
2019-08-02 16:25:01.043  INFO 12644 --- [main] o.s.cloud.context.scope.GenericScope     : BeanFactory id=b6274c68-a241-37b3-b695-3ce8962eaa2a
2019-08-02 16:25:01.059  INFO 12644 --- [main] trationDelegate$BeanPostProcessorChecker : Bean 'com.quan.peak.service.IpayService' of type [org.springframework.cloud.openfeign.FeignClientFactoryBean] is not eligible for getting processed by all BeanPostProcessors (for example: not eligible for auto-proxying)
2019-08-02 16:25:01.194  INFO 12644 --- [main] trationDelegate$BeanPostProcessorChecker : Bean 'org.springframework.cloud.autoconfigure.ConfigurationPropertiesRebinderAutoConfiguration' of type [org.springframework.cloud.autoconfigure.ConfigurationPropertiesRebinderAutoConfiguration$$EnhancerBySpringCGLIB$$2d7d4ddd] is not eligible for getting processed by all BeanPostProcessors (for example: not eligible for auto-proxying)
2019-08-02 16:25:01.385  INFO 12644 --- [main] o.s.b.w.embedded.tomcat.TomcatWebServer  : Tomcat initialized with port(s): 8464 (http)
2019-08-02 16:25:01.401  INFO 12644 --- [main] o.apache.catalina.core.StandardService   : Starting service [Tomcat]
2019-08-02 16:25:01.401  INFO 12644 --- [main] org.apache.catalina.core.StandardEngine  : Starting Servlet engine: [Apache Tomcat/9.0.21]
2019-08-02 16:25:01.560  INFO 12644 --- [main] o.a.c.c.C.[Tomcat].[localhost].[/]       : Initializing Spring embedded WebApplicationContext
2019-08-02 16:25:01.560  INFO 12644 --- [main] o.s.web.context.ContextLoader            : Root WebApplicationContext: initialization completed in 1133 ms
2019-08-02 16:25:01.633  WARN 12644 --- [main] c.n.c.sources.URLConfigurationSource     : No URLs will be polled as dynamic configuration sources.
2019-08-02 16:25:01.633  INFO 12644 --- [main] c.n.c.sources.URLConfigurationSource     : To enable URLs as dynamic configuration sources, define System property archaius.configurationSource.additionalUrls or make config.properties available on classpath.
2019-08-02 16:25:01.640  INFO 12644 --- [main] c.netflix.config.DynamicPropertyFactory  : DynamicPropertyFactory is initialized with configuration sources: com.netflix.config.ConcurrentCompositeConfiguration@611d0763
2019-08-02 16:25:02.184  WARN 12644 --- [main] c.n.c.sources.URLConfigurationSource     : No URLs will be polled as dynamic configuration sources.
2019-08-02 16:25:02.184  INFO 12644 --- [main] c.n.c.sources.URLConfigurationSource     : To enable URLs as dynamic configuration sources, define System property archaius.configurationSource.additionalUrls or make config.properties available on classpath.
2019-08-02 16:25:02.307  INFO 12644 --- [main] o.s.s.concurrent.ThreadPoolTaskExecutor  : Initializing ExecutorService 'applicationTaskExecutor'
2019-08-02 16:25:02.404  INFO 12644 --- [main] o.s.b.a.w.s.WelcomePageHandlerMapping    : Adding welcome page: class path resource [static/index.html]
2019-08-02 16:25:02.728  INFO 12644 --- [main] o.s.b.a.e.web.EndpointLinksResolver      : Exposing 2 endpoint(s) beneath base path '/actuator'
2019-08-02 16:25:02.797  INFO 12644 --- [main] o.s.c.n.eureka.InstanceInfoFactory       : Setting initial instance status as: STARTING
2019-08-02 16:25:02.820  INFO 12644 --- [main] com.netflix.discovery.DiscoveryClient    : Initializing Eureka in region us-east-1
2019-08-02 16:25:02.995  INFO 12644 --- [main] c.n.d.provider.DiscoveryJerseyProvider   : Using JSON encoding codec LegacyJacksonJson
2019-08-02 16:25:02.995  INFO 12644 --- [main] c.n.d.provider.DiscoveryJerseyProvider   : Using JSON decoding codec LegacyJacksonJson
2019-08-02 16:25:03.071  INFO 12644 --- [main] c.n.d.provider.DiscoveryJerseyProvider   : Using XML encoding codec XStreamXml
2019-08-02 16:25:03.071  INFO 12644 --- [main] c.n.d.provider.DiscoveryJerseyProvider   : Using XML decoding codec XStreamXml
2019-08-02 16:25:03.220  INFO 12644 --- [main] c.n.d.s.r.aws.ConfigClusterResolver      : Resolving eureka endpoints via configuration
2019-08-02 16:25:03.277  INFO 12644 --- [main] com.netflix.discovery.DiscoveryClient    : Disable delta property : false
2019-08-02 16:25:03.277  INFO 12644 --- [main] com.netflix.discovery.DiscoveryClient    : Single vip registry refresh property : null
2019-08-02 16:25:03.277  INFO 12644 --- [main] com.netflix.discovery.DiscoveryClient    : Force full registry fetch : false
2019-08-02 16:25:03.277  INFO 12644 --- [main] com.netflix.discovery.DiscoveryClient    : Application is null : false
2019-08-02 16:25:03.277  INFO 12644 --- [main] com.netflix.discovery.DiscoveryClient    : Registered Applications size is zero : true
2019-08-02 16:25:03.277  INFO 12644 --- [main] com.netflix.discovery.DiscoveryClient    : Application version is -1: true
2019-08-02 16:25:03.277  INFO 12644 --- [main] com.netflix.discovery.DiscoveryClient    : Getting all instance registry info from the eureka server
2019-08-02 16:25:03.404  INFO 12644 --- [main] com.netflix.discovery.DiscoveryClient    : The response status is 200
2019-08-02 16:25:03.407  INFO 12644 --- [main] com.netflix.discovery.DiscoveryClient    : Starting heartbeat executor: renew interval is: 30
2019-08-02 16:25:03.409  INFO 12644 --- [main] c.n.discovery.InstanceInfoReplicator     : InstanceInfoReplicator onDemand update allowed rate per min is 4
2019-08-02 16:25:03.413  INFO 12644 --- [main] com.netflix.discovery.DiscoveryClient    : Discovery Client initialized at timestamp 1564734303412 with initial instances count: 2
2019-08-02 16:25:03.414  INFO 12644 --- [main] o.s.c.n.e.s.EurekaServiceRegistry        : Registering application SERVICE-RIBBON with eureka with status UP
2019-08-02 16:25:03.414  INFO 12644 --- [main] com.netflix.discovery.DiscoveryClient    : Saw local status change event StatusChangeEvent [timestamp=1564734303414, current=UP, previous=STARTING]
2019-08-02 16:25:03.416  INFO 12644 --- [DiscoveryClient-InstanceInfoReplicator-0] com.netflix.discovery.DiscoveryClient    : DiscoveryClient_SERVICE-RIBBON/SKY-20181025GRP:service-ribbon:8464: registering service...
2019-08-02 16:25:03.444  INFO 12644 --- [DiscoveryClient-InstanceInfoReplicator-0] com.netflix.discovery.DiscoveryClient    : DiscoveryClient_SERVICE-RIBBON/SKY-20181025GRP:service-ribbon:8464 - registration status: 204
2019-08-02 16:25:03.457  INFO 12644 --- [main] o.s.b.w.embedded.tomcat.TomcatWebServer  : Tomcat started on port(s): 8464 (http) with context path ''
2019-08-02 16:25:03.458  INFO 12644 --- [main] .s.c.n.e.s.EurekaAutoServiceRegistration : Updating port to 8464
2019-08-02 16:25:03.460  INFO 12644 --- [main] c.e.s.ServiceFeignApplication            : Started ServiceFeignApplication in 4.071 seconds (JVM running for 4.871)
2019-08-02 16:25:03.805  INFO 12644 --- [RMI TCP Connection(4)-127.0.0.1] o.a.c.c.C.[Tomcat].[localhost].[/]       : Initializing Spring DispatcherServlet 'dispatcherServlet'
2019-08-02 16:25:03.805  INFO 12644 --- [RMI TCP Connection(4)-127.0.0.1] o.s.web.servlet.DispatcherServlet        : Initializing Servlet 'dispatcherServlet'
2019-08-02 16:25:03.813  INFO 12644 --- [RMI TCP Connection(4)-127.0.0.1] o.s.web.servlet.DispatcherServlet        : Completed initialization in 8 ms
2019-08-02 16:27:42.245  INFO 11660 --- [main] c.e.s.ServiceFeignApplication            : No active profile set, falling back to default profiles: default
2019-08-02 16:27:42.742  WARN 11660 --- [main] o.s.boot.actuate.endpoint.EndpointId     : Endpoint ID 'service-registry' contains invalid characters, please migrate to a valid format.
2019-08-02 16:27:42.750  WARN 11660 --- [main] o.s.boot.actuate.endpoint.EndpointId     : Endpoint ID 'hystrix.stream' contains invalid characters, please migrate to a valid format.
2019-08-02 16:27:42.863  INFO 11660 --- [main] o.s.cloud.context.scope.GenericScope     : BeanFactory id=b6274c68-a241-37b3-b695-3ce8962eaa2a
2019-08-02 16:27:42.879  INFO 11660 --- [main] trationDelegate$BeanPostProcessorChecker : Bean 'com.quan.peak.service.IpayService' of type [org.springframework.cloud.openfeign.FeignClientFactoryBean] is not eligible for getting processed by all BeanPostProcessors (for example: not eligible for auto-proxying)
2019-08-02 16:27:43.019  INFO 11660 --- [main] trationDelegate$BeanPostProcessorChecker : Bean 'org.springframework.cloud.autoconfigure.ConfigurationPropertiesRebinderAutoConfiguration' of type [org.springframework.cloud.autoconfigure.ConfigurationPropertiesRebinderAutoConfiguration$$EnhancerBySpringCGLIB$$fa6d27c6] is not eligible for getting processed by all BeanPostProcessors (for example: not eligible for auto-proxying)
2019-08-02 16:27:43.197  INFO 11660 --- [main] o.s.b.w.embedded.tomcat.TomcatWebServer  : Tomcat initialized with port(s): 8464 (http)
2019-08-02 16:27:43.214  INFO 11660 --- [main] o.apache.catalina.core.StandardService   : Starting service [Tomcat]
2019-08-02 16:27:43.214  INFO 11660 --- [main] org.apache.catalina.core.StandardEngine  : Starting Servlet engine: [Apache Tomcat/9.0.21]
2019-08-02 16:27:43.371  INFO 11660 --- [main] o.a.c.c.C.[Tomcat].[localhost].[/]       : Initializing Spring embedded WebApplicationContext
2019-08-02 16:27:43.372  INFO 11660 --- [main] o.s.web.context.ContextLoader            : Root WebApplicationContext: initialization completed in 1114 ms
2019-08-02 16:27:43.452  WARN 11660 --- [main] c.n.c.sources.URLConfigurationSource     : No URLs will be polled as dynamic configuration sources.
2019-08-02 16:27:43.452  INFO 11660 --- [main] c.n.c.sources.URLConfigurationSource     : To enable URLs as dynamic configuration sources, define System property archaius.configurationSource.additionalUrls or make config.properties available on classpath.
2019-08-02 16:27:43.458  INFO 11660 --- [main] c.netflix.config.DynamicPropertyFactory  : DynamicPropertyFactory is initialized with configuration sources: com.netflix.config.ConcurrentCompositeConfiguration@4b87760e
2019-08-02 16:27:44.176  WARN 11660 --- [main] c.n.c.sources.URLConfigurationSource     : No URLs will be polled as dynamic configuration sources.
2019-08-02 16:27:44.176  INFO 11660 --- [main] c.n.c.sources.URLConfigurationSource     : To enable URLs as dynamic configuration sources, define System property archaius.configurationSource.additionalUrls or make config.properties available on classpath.
2019-08-02 16:27:44.313  INFO 11660 --- [main] o.s.s.concurrent.ThreadPoolTaskExecutor  : Initializing ExecutorService 'applicationTaskExecutor'
2019-08-02 16:27:44.410  INFO 11660 --- [main] o.s.b.a.w.s.WelcomePageHandlerMapping    : Adding welcome page: class path resource [static/index.html]
2019-08-02 16:27:44.784  INFO 11660 --- [main] o.s.b.a.e.web.EndpointLinksResolver      : Exposing 2 endpoint(s) beneath base path '/actuator'
2019-08-02 16:27:44.881  INFO 11660 --- [main] o.s.c.n.eureka.InstanceInfoFactory       : Setting initial instance status as: STARTING
2019-08-02 16:27:44.912  INFO 11660 --- [main] com.netflix.discovery.DiscoveryClient    : Initializing Eureka in region us-east-1
2019-08-02 16:27:45.127  INFO 11660 --- [main] c.n.d.provider.DiscoveryJerseyProvider   : Using JSON encoding codec LegacyJacksonJson
2019-08-02 16:27:45.128  INFO 11660 --- [main] c.n.d.provider.DiscoveryJerseyProvider   : Using JSON decoding codec LegacyJacksonJson
2019-08-02 16:27:45.209  INFO 11660 --- [main] c.n.d.provider.DiscoveryJerseyProvider   : Using XML encoding codec XStreamXml
2019-08-02 16:27:45.209  INFO 11660 --- [main] c.n.d.provider.DiscoveryJerseyProvider   : Using XML decoding codec XStreamXml
2019-08-02 16:27:45.362  INFO 11660 --- [main] c.n.d.s.r.aws.ConfigClusterResolver      : Resolving eureka endpoints via configuration
2019-08-02 16:27:45.416  INFO 11660 --- [main] com.netflix.discovery.DiscoveryClient    : Disable delta property : false
2019-08-02 16:27:45.416  INFO 11660 --- [main] com.netflix.discovery.DiscoveryClient    : Single vip registry refresh property : null
2019-08-02 16:27:45.416  INFO 11660 --- [main] com.netflix.discovery.DiscoveryClient    : Force full registry fetch : false
2019-08-02 16:27:45.416  INFO 11660 --- [main] com.netflix.discovery.DiscoveryClient    : Application is null : false
2019-08-02 16:27:45.416  INFO 11660 --- [main] com.netflix.discovery.DiscoveryClient    : Registered Applications size is zero : true
2019-08-02 16:27:45.417  INFO 11660 --- [main] com.netflix.discovery.DiscoveryClient    : Application version is -1: true
2019-08-02 16:27:45.417  INFO 11660 --- [main] com.netflix.discovery.DiscoveryClient    : Getting all instance registry info from the eureka server
2019-08-02 16:27:45.530  INFO 11660 --- [main] com.netflix.discovery.DiscoveryClient    : The response status is 200
2019-08-02 16:27:45.532  INFO 11660 --- [main] com.netflix.discovery.DiscoveryClient    : Starting heartbeat executor: renew interval is: 30
2019-08-02 16:27:45.534  INFO 11660 --- [main] c.n.discovery.InstanceInfoReplicator     : InstanceInfoReplicator onDemand update allowed rate per min is 4
2019-08-02 16:27:45.536  INFO 11660 --- [main] com.netflix.discovery.DiscoveryClient    : Discovery Client initialized at timestamp 1564734465536 with initial instances count: 2
2019-08-02 16:27:45.538  INFO 11660 --- [main] o.s.c.n.e.s.EurekaServiceRegistry        : Registering application SERVICE-RIBBON with eureka with status UP
2019-08-02 16:27:45.538  INFO 11660 --- [main] com.netflix.discovery.DiscoveryClient    : Saw local status change event StatusChangeEvent [timestamp=1564734465538, current=UP, previous=STARTING]
2019-08-02 16:27:45.539  INFO 11660 --- [DiscoveryClient-InstanceInfoReplicator-0] com.netflix.discovery.DiscoveryClient    : DiscoveryClient_SERVICE-RIBBON/SKY-20181025GRP:service-ribbon:8464: registering service...
2019-08-02 16:27:45.563  INFO 11660 --- [DiscoveryClient-InstanceInfoReplicator-0] com.netflix.discovery.DiscoveryClient    : DiscoveryClient_SERVICE-RIBBON/SKY-20181025GRP:service-ribbon:8464 - registration status: 204
2019-08-02 16:27:45.568  INFO 11660 --- [main] o.s.b.w.embedded.tomcat.TomcatWebServer  : Tomcat started on port(s): 8464 (http) with context path ''
2019-08-02 16:27:45.569  INFO 11660 --- [main] .s.c.n.e.s.EurekaAutoServiceRegistration : Updating port to 8464
2019-08-02 16:27:45.570  INFO 11660 --- [main] c.e.s.ServiceFeignApplication            : Started ServiceFeignApplication in 4.24 seconds (JVM running for 5.006)
2019-08-02 16:27:45.838  INFO 11660 --- [RMI TCP Connection(3)-127.0.0.1] o.a.c.c.C.[Tomcat].[localhost].[/]       : Initializing Spring DispatcherServlet 'dispatcherServlet'
2019-08-02 16:27:45.838  INFO 11660 --- [RMI TCP Connection(3)-127.0.0.1] o.s.web.servlet.DispatcherServlet        : Initializing Servlet 'dispatcherServlet'
2019-08-02 16:27:45.845  INFO 11660 --- [RMI TCP Connection(3)-127.0.0.1] o.s.web.servlet.DispatcherServlet        : Completed initialization in 7 ms
2019-08-02 16:32:45.421  INFO 11660 --- [AsyncResolver-bootstrap-executor-0] c.n.d.s.r.aws.ConfigClusterResolver      : Resolving eureka endpoints via configuration
2019-08-02 16:37:45.424  INFO 11660 --- [AsyncResolver-bootstrap-executor-0] c.n.d.s.r.aws.ConfigClusterResolver      : Resolving eureka endpoints via configuration
